2020-10-08 09:58:11,967 INFO  [main] Configuration.deprecation (Configuration.java:warnOnceIfDeprecated(1049)) - session.id is deprecated. Instead, use dfs.metrics.session-id
2020-10-08 09:58:11,969 INFO  [main] jvm.JvmMetrics (JvmMetrics.java:init(76)) - Initializing JVM Metrics with processName=JobTracker, sessionId=
2020-10-08 09:58:12,149 WARN  [main] mapreduce.JobSubmitter (JobSubmitter.java:copyAndConfigureFiles(153)) - Hadoop command-line option parsing not performed. Implement the Tool interface and execute your application with ToolRunner to remedy this.
2020-10-08 09:58:12,187 INFO  [main] input.FileInputFormat (FileInputFormat.java:listStatus(281)) - Total input paths to process : 1
2020-10-08 09:58:12,211 INFO  [main] input.FileInputFormat (FileInputFormat.java:listStatus(281)) - Total input paths to process : 1
2020-10-08 09:58:12,231 INFO  [main] mapreduce.JobSubmitter (JobSubmitter.java:submitJobInternal(494)) - number of splits:2
2020-10-08 09:58:12,400 INFO  [main] mapreduce.JobSubmitter (JobSubmitter.java:printTokens(583)) - Submitting tokens for job: job_local306956544_0001
2020-10-08 09:58:12,620 INFO  [main] mapreduce.Job (Job.java:submit(1300)) - The url to track the job: http://localhost:8080/
2020-10-08 09:58:12,621 INFO  [main] mapreduce.Job (Job.java:monitorAndPrintJob(1345)) - Running job: job_local306956544_0001
2020-10-08 09:58:12,623 INFO  [Thread-3] mapred.LocalJobRunner (LocalJobRunner.java:createOutputCommitter(471)) - OutputCommitter set in config null
2020-10-08 09:58:12,642 INFO  [Thread-3] mapred.LocalJobRunner (LocalJobRunner.java:createOutputCommitter(489)) - OutputCommitter is org.apache.hadoop.mapreduce.lib.output.FileOutputCommitter
2020-10-08 09:58:12,737 INFO  [Thread-3] mapred.LocalJobRunner (LocalJobRunner.java:runTasks(448)) - Waiting for map tasks
2020-10-08 09:58:12,737 INFO  [LocalJobRunner Map Task Executor #0] mapred.LocalJobRunner (LocalJobRunner.java:run(224)) - Starting task: attempt_local306956544_0001_m_000000_0
2020-10-08 09:58:12,792 INFO  [LocalJobRunner Map Task Executor #0] mapred.Task (Task.java:initialize(587)) -  Using ResourceCalculatorProcessTree : [ ]
2020-10-08 09:58:12,794 INFO  [LocalJobRunner Map Task Executor #0] mapred.MapTask (MapTask.java:runNewMapper(753)) - Processing split: file:/home/vxb3108/project2/M-matrix-small.txt:0+92
2020-10-08 09:58:12,881 INFO  [LocalJobRunner Map Task Executor #0] mapred.MapTask (MapTask.java:setEquator(1202)) - (EQUATOR) 0 kvi 26214396(104857584)
2020-10-08 09:58:12,883 INFO  [LocalJobRunner Map Task Executor #0] mapred.MapTask (MapTask.java:init(995)) - mapreduce.task.io.sort.mb: 100
2020-10-08 09:58:12,884 INFO  [LocalJobRunner Map Task Executor #0] mapred.MapTask (MapTask.java:init(996)) - soft limit at 83886080
2020-10-08 09:58:12,884 INFO  [LocalJobRunner Map Task Executor #0] mapred.MapTask (MapTask.java:init(997)) - bufstart = 0; bufvoid = 104857600
2020-10-08 09:58:12,884 INFO  [LocalJobRunner Map Task Executor #0] mapred.MapTask (MapTask.java:init(998)) - kvstart = 26214396; length = 6553600
2020-10-08 09:58:12,887 INFO  [LocalJobRunner Map Task Executor #0] mapred.MapTask (MapTask.java:createSortingCollector(402)) - Map output collector class = org.apache.hadoop.mapred.MapTask$MapOutputBuffer
2020-10-08 09:58:12,939 INFO  [LocalJobRunner Map Task Executor #0] mapred.LocalJobRunner (LocalJobRunner.java:statusUpdate(591)) - 
2020-10-08 09:58:12,946 INFO  [LocalJobRunner Map Task Executor #0] mapred.MapTask (MapTask.java:flush(1457)) - Starting flush of map output
2020-10-08 09:58:12,947 INFO  [LocalJobRunner Map Task Executor #0] mapred.MapTask (MapTask.java:flush(1475)) - Spilling map output
2020-10-08 09:58:12,948 INFO  [LocalJobRunner Map Task Executor #0] mapred.MapTask (MapTask.java:flush(1476)) - bufstart = 0; bufend = 198; bufvoid = 104857600
2020-10-08 09:58:12,948 INFO  [LocalJobRunner Map Task Executor #0] mapred.MapTask (MapTask.java:flush(1478)) - kvstart = 26214396(104857584); kvend = 26214356(104857424); length = 41/6553600
2020-10-08 09:58:12,954 INFO  [LocalJobRunner Map Task Executor #0] mapred.MapTask (MapTask.java:sortAndSpill(1660)) - Finished spill 0
2020-10-08 09:58:12,962 INFO  [LocalJobRunner Map Task Executor #0] mapred.Task (Task.java:done(1001)) - Task:attempt_local306956544_0001_m_000000_0 is done. And is in the process of committing
2020-10-08 09:58:12,977 INFO  [LocalJobRunner Map Task Executor #0] mapred.LocalJobRunner (LocalJobRunner.java:statusUpdate(591)) - map
2020-10-08 09:58:12,979 INFO  [LocalJobRunner Map Task Executor #0] mapred.Task (Task.java:sendDone(1121)) - Task 'attempt_local306956544_0001_m_000000_0' done.
2020-10-08 09:58:12,979 INFO  [LocalJobRunner Map Task Executor #0] mapred.LocalJobRunner (LocalJobRunner.java:run(249)) - Finishing task: attempt_local306956544_0001_m_000000_0
2020-10-08 09:58:12,979 INFO  [LocalJobRunner Map Task Executor #0] mapred.LocalJobRunner (LocalJobRunner.java:run(224)) - Starting task: attempt_local306956544_0001_m_000001_0
2020-10-08 09:58:12,982 INFO  [LocalJobRunner Map Task Executor #0] mapred.Task (Task.java:initialize(587)) -  Using ResourceCalculatorProcessTree : [ ]
2020-10-08 09:58:12,983 INFO  [LocalJobRunner Map Task Executor #0] mapred.MapTask (MapTask.java:runNewMapper(753)) - Processing split: file:/home/vxb3108/project2/N-matrix-small.txt:0+67
2020-10-08 09:58:13,020 INFO  [LocalJobRunner Map Task Executor #0] mapred.MapTask (MapTask.java:setEquator(1202)) - (EQUATOR) 0 kvi 26214396(104857584)
2020-10-08 09:58:13,020 INFO  [LocalJobRunner Map Task Executor #0] mapred.MapTask (MapTask.java:init(995)) - mapreduce.task.io.sort.mb: 100
2020-10-08 09:58:13,020 INFO  [LocalJobRunner Map Task Executor #0] mapred.MapTask (MapTask.java:init(996)) - soft limit at 83886080
2020-10-08 09:58:13,020 INFO  [LocalJobRunner Map Task Executor #0] mapred.MapTask (MapTask.java:init(997)) - bufstart = 0; bufvoid = 104857600
2020-10-08 09:58:13,020 INFO  [LocalJobRunner Map Task Executor #0] mapred.MapTask (MapTask.java:init(998)) - kvstart = 26214396; length = 6553600
2020-10-08 09:58:13,021 INFO  [LocalJobRunner Map Task Executor #0] mapred.MapTask (MapTask.java:createSortingCollector(402)) - Map output collector class = org.apache.hadoop.mapred.MapTask$MapOutputBuffer
2020-10-08 09:58:13,039 INFO  [LocalJobRunner Map Task Executor #0] mapred.LocalJobRunner (LocalJobRunner.java:statusUpdate(591)) - 
2020-10-08 09:58:13,054 INFO  [LocalJobRunner Map Task Executor #0] mapred.MapTask (MapTask.java:flush(1457)) - Starting flush of map output
2020-10-08 09:58:13,054 INFO  [LocalJobRunner Map Task Executor #0] mapred.MapTask (MapTask.java:flush(1475)) - Spilling map output
2020-10-08 09:58:13,054 INFO  [LocalJobRunner Map Task Executor #0] mapred.MapTask (MapTask.java:flush(1476)) - bufstart = 0; bufend = 144; bufvoid = 104857600
2020-10-08 09:58:13,054 INFO  [LocalJobRunner Map Task Executor #0] mapred.MapTask (MapTask.java:flush(1478)) - kvstart = 26214396(104857584); kvend = 26214368(104857472); length = 29/6553600
2020-10-08 09:58:13,056 INFO  [LocalJobRunner Map Task Executor #0] mapred.MapTask (MapTask.java:sortAndSpill(1660)) - Finished spill 0
2020-10-08 09:58:13,062 INFO  [LocalJobRunner Map Task Executor #0] mapred.Task (Task.java:done(1001)) - Task:attempt_local306956544_0001_m_000001_0 is done. And is in the process of committing
2020-10-08 09:58:13,070 INFO  [LocalJobRunner Map Task Executor #0] mapred.LocalJobRunner (LocalJobRunner.java:statusUpdate(591)) - map
2020-10-08 09:58:13,070 INFO  [LocalJobRunner Map Task Executor #0] mapred.Task (Task.java:sendDone(1121)) - Task 'attempt_local306956544_0001_m_000001_0' done.
2020-10-08 09:58:13,070 INFO  [LocalJobRunner Map Task Executor #0] mapred.LocalJobRunner (LocalJobRunner.java:run(249)) - Finishing task: attempt_local306956544_0001_m_000001_0
2020-10-08 09:58:13,070 INFO  [Thread-3] mapred.LocalJobRunner (LocalJobRunner.java:runTasks(456)) - map task executor complete.
2020-10-08 09:58:13,075 INFO  [Thread-3] mapred.LocalJobRunner (LocalJobRunner.java:runTasks(448)) - Waiting for reduce tasks
2020-10-08 09:58:13,075 INFO  [pool-3-thread-1] mapred.LocalJobRunner (LocalJobRunner.java:run(302)) - Starting task: attempt_local306956544_0001_r_000000_0
2020-10-08 09:58:13,088 INFO  [pool-3-thread-1] mapred.Task (Task.java:initialize(587)) -  Using ResourceCalculatorProcessTree : [ ]
2020-10-08 09:58:13,090 INFO  [pool-3-thread-1] mapred.ReduceTask (ReduceTask.java:run(362)) - Using ShuffleConsumerPlugin: org.apache.hadoop.mapreduce.task.reduce.Shuffle@6ef3cad4
2020-10-08 09:58:13,114 INFO  [pool-3-thread-1] reduce.MergeManagerImpl (MergeManagerImpl.java:<init>(196)) - MergerManager: memoryLimit=709551680, maxSingleShuffleLimit=177387920, mergeThreshold=468304128, ioSortFactor=10, memToMemMergeOutputsThreshold=10
2020-10-08 09:58:13,127 INFO  [EventFetcher for fetching Map Completion Events] reduce.EventFetcher (EventFetcher.java:run(61)) - attempt_local306956544_0001_r_000000_0 Thread started: EventFetcher for fetching Map Completion Events
2020-10-08 09:58:13,195 INFO  [localfetcher#1] reduce.LocalFetcher (LocalFetcher.java:copyMapOutput(141)) - localfetcher#1 about to shuffle output of map attempt_local306956544_0001_m_000000_0 decomp: 222 len: 226 to MEMORY
2020-10-08 09:58:13,227 INFO  [localfetcher#1] reduce.InMemoryMapOutput (InMemoryMapOutput.java:shuffle(100)) - Read 222 bytes from map-output for attempt_local306956544_0001_m_000000_0
2020-10-08 09:58:13,244 INFO  [localfetcher#1] reduce.MergeManagerImpl (MergeManagerImpl.java:closeInMemoryFile(314)) - closeInMemoryFile -> map-output of size: 222, inMemoryMapOutputs.size() -> 1, commitMemory -> 0, usedMemory ->222
2020-10-08 09:58:13,258 INFO  [localfetcher#1] reduce.LocalFetcher (LocalFetcher.java:copyMapOutput(141)) - localfetcher#1 about to shuffle output of map attempt_local306956544_0001_m_000001_0 decomp: 162 len: 166 to MEMORY
2020-10-08 09:58:13,259 INFO  [localfetcher#1] reduce.InMemoryMapOutput (InMemoryMapOutput.java:shuffle(100)) - Read 162 bytes from map-output for attempt_local306956544_0001_m_000001_0
2020-10-08 09:58:13,259 INFO  [localfetcher#1] reduce.MergeManagerImpl (MergeManagerImpl.java:closeInMemoryFile(314)) - closeInMemoryFile -> map-output of size: 162, inMemoryMapOutputs.size() -> 2, commitMemory -> 222, usedMemory ->384
2020-10-08 09:58:13,259 INFO  [EventFetcher for fetching Map Completion Events] reduce.EventFetcher (EventFetcher.java:run(76)) - EventFetcher is interrupted.. Returning
2020-10-08 09:58:13,260 INFO  [pool-3-thread-1] mapred.LocalJobRunner (LocalJobRunner.java:statusUpdate(591)) - 2 / 2 copied.
2020-10-08 09:58:13,260 INFO  [pool-3-thread-1] reduce.MergeManagerImpl (MergeManagerImpl.java:finalMerge(674)) - finalMerge called with 2 in-memory map-outputs and 0 on-disk map-outputs
2020-10-08 09:58:13,264 INFO  [pool-3-thread-1] mapred.Merger (Merger.java:merge(597)) - Merging 2 sorted segments
2020-10-08 09:58:13,264 INFO  [pool-3-thread-1] mapred.Merger (Merger.java:merge(696)) - Down to the last merge-pass, with 2 segments left of total size: 372 bytes
2020-10-08 09:58:13,265 INFO  [pool-3-thread-1] reduce.MergeManagerImpl (MergeManagerImpl.java:finalMerge(751)) - Merged 2 segments, 384 bytes to disk to satisfy reduce memory limit
2020-10-08 09:58:13,265 INFO  [pool-3-thread-1] reduce.MergeManagerImpl (MergeManagerImpl.java:finalMerge(781)) - Merging 1 files, 386 bytes from disk
2020-10-08 09:58:13,266 INFO  [pool-3-thread-1] reduce.MergeManagerImpl (MergeManagerImpl.java:finalMerge(796)) - Merging 0 segments, 0 bytes from memory into reduce
2020-10-08 09:58:13,266 INFO  [pool-3-thread-1] mapred.Merger (Merger.java:merge(597)) - Merging 1 sorted segments
2020-10-08 09:58:13,266 WARN  [Readahead Thread #1] io.ReadaheadPool (ReadaheadPool.java:run(214)) - Failed readahead on ifile
EBADF: Bad file descriptor
	at org.apache.hadoop.io.nativeio.NativeIO$POSIX.posix_fadvise(Native Method)
	at org.apache.hadoop.io.nativeio.NativeIO$POSIX.posixFadviseIfPossible(NativeIO.java:267)
	at org.apache.hadoop.io.nativeio.NativeIO$POSIX$CacheManipulator.posixFadviseIfPossible(NativeIO.java:146)
	at org.apache.hadoop.io.ReadaheadPool$ReadaheadRequestImpl.run(ReadaheadPool.java:206)
	at java.util.concurrent.ThreadPoolExecutor.runWorker(ThreadPoolExecutor.java:1149)
	at java.util.concurrent.ThreadPoolExecutor$Worker.run(ThreadPoolExecutor.java:624)
	at java.lang.Thread.run(Thread.java:748)
2020-10-08 09:58:13,268 INFO  [pool-3-thread-1] mapred.Merger (Merger.java:merge(696)) - Down to the last merge-pass, with 1 segments left of total size: 376 bytes
2020-10-08 09:58:13,276 INFO  [pool-3-thread-1] mapred.LocalJobRunner (LocalJobRunner.java:statusUpdate(591)) - 2 / 2 copied.
2020-10-08 09:58:13,286 INFO  [pool-3-thread-1] Configuration.deprecation (Configuration.java:warnOnceIfDeprecated(1049)) - mapred.skip.on is deprecated. Instead, use mapreduce.job.skiprecords
2020-10-08 09:58:13,302 INFO  [pool-3-thread-1] mapred.Task (Task.java:done(1001)) - Task:attempt_local306956544_0001_r_000000_0 is done. And is in the process of committing
2020-10-08 09:58:13,303 INFO  [pool-3-thread-1] mapred.LocalJobRunner (LocalJobRunner.java:statusUpdate(591)) - 2 / 2 copied.
2020-10-08 09:58:13,303 INFO  [pool-3-thread-1] mapred.Task (Task.java:commit(1162)) - Task attempt_local306956544_0001_r_000000_0 is allowed to commit now
2020-10-08 09:58:13,305 INFO  [pool-3-thread-1] output.FileOutputCommitter (FileOutputCommitter.java:commitTask(439)) - Saved output of task 'attempt_local306956544_0001_r_000000_0' to file:/home/vxb3108/project2/intermediate/_temporary/0/task_local306956544_0001_r_000000
2020-10-08 09:58:13,308 INFO  [pool-3-thread-1] mapred.LocalJobRunner (LocalJobRunner.java:statusUpdate(591)) - reduce > reduce
2020-10-08 09:58:13,308 INFO  [pool-3-thread-1] mapred.Task (Task.java:sendDone(1121)) - Task 'attempt_local306956544_0001_r_000000_0' done.
2020-10-08 09:58:13,308 INFO  [pool-3-thread-1] mapred.LocalJobRunner (LocalJobRunner.java:run(325)) - Finishing task: attempt_local306956544_0001_r_000000_0
2020-10-08 09:58:13,309 INFO  [Thread-3] mapred.LocalJobRunner (LocalJobRunner.java:runTasks(456)) - reduce task executor complete.
2020-10-08 09:58:13,622 INFO  [main] mapreduce.Job (Job.java:monitorAndPrintJob(1366)) - Job job_local306956544_0001 running in uber mode : false
2020-10-08 09:58:13,623 INFO  [main] mapreduce.Job (Job.java:monitorAndPrintJob(1373)) -  map 100% reduce 100%
2020-10-08 09:58:13,624 INFO  [main] mapreduce.Job (Job.java:monitorAndPrintJob(1384)) - Job job_local306956544_0001 completed successfully
2020-10-08 09:58:13,636 INFO  [main] mapreduce.Job (Job.java:monitorAndPrintJob(1391)) - Counters: 33
	File System Counters
		FILE: Number of bytes read=27321
		FILE: Number of bytes written=788095
		FILE: Number of read operations=0
		FILE: Number of large read operations=0
		FILE: Number of write operations=0
	Map-Reduce Framework
		Map input records=19
		Map output records=19
		Map output bytes=342
		Map output materialized bytes=392
		Input split bytes=486
		Combine input records=0
		Combine output records=0
		Reduce input groups=3
		Reduce shuffle bytes=392
		Reduce input records=19
		Reduce output records=29
		Spilled Records=38
		Shuffled Maps =2
		Failed Shuffles=0
		Merged Map outputs=2
		GC time elapsed (ms)=29
		CPU time spent (ms)=0
		Physical memory (bytes) snapshot=0
		Virtual memory (bytes) snapshot=0
		Total committed heap usage (bytes)=652750848
	Shuffle Errors
		BAD_ID=0
		CONNECTION=0
		IO_ERROR=0
		WRONG_LENGTH=0
		WRONG_MAP=0
		WRONG_REDUCE=0
	File Input Format Counters 
		Bytes Read=0
	File Output Format Counters 
		Bytes Written=272
2020-10-08 09:58:13,683 INFO  [main] jvm.JvmMetrics (JvmMetrics.java:init(71)) - Cannot initialize JVM Metrics with processName=JobTracker, sessionId= - already initialized
2020-10-08 09:58:13,684 WARN  [main] mapreduce.JobSubmitter (JobSubmitter.java:copyAndConfigureFiles(153)) - Hadoop command-line option parsing not performed. Implement the Tool interface and execute your application with ToolRunner to remedy this.
2020-10-08 09:58:13,740 INFO  [main] input.FileInputFormat (FileInputFormat.java:listStatus(281)) - Total input paths to process : 1
2020-10-08 09:58:13,742 INFO  [main] mapreduce.JobSubmitter (JobSubmitter.java:submitJobInternal(494)) - number of splits:1
2020-10-08 09:58:13,775 INFO  [main] mapreduce.JobSubmitter (JobSubmitter.java:printTokens(583)) - Submitting tokens for job: job_local1759262528_0002
2020-10-08 09:58:13,909 INFO  [main] mapreduce.Job (Job.java:submit(1300)) - The url to track the job: http://localhost:8080/
2020-10-08 09:58:13,909 INFO  [main] mapreduce.Job (Job.java:monitorAndPrintJob(1345)) - Running job: job_local1759262528_0002
2020-10-08 09:58:13,909 INFO  [Thread-15] mapred.LocalJobRunner (LocalJobRunner.java:createOutputCommitter(471)) - OutputCommitter set in config null
2020-10-08 09:58:13,910 INFO  [Thread-15] mapred.LocalJobRunner (LocalJobRunner.java:createOutputCommitter(489)) - OutputCommitter is org.apache.hadoop.mapreduce.lib.output.FileOutputCommitter
2020-10-08 09:58:13,935 INFO  [Thread-15] mapred.LocalJobRunner (LocalJobRunner.java:runTasks(448)) - Waiting for map tasks
2020-10-08 09:58:13,935 INFO  [LocalJobRunner Map Task Executor #0] mapred.LocalJobRunner (LocalJobRunner.java:run(224)) - Starting task: attempt_local1759262528_0002_m_000000_0
2020-10-08 09:58:13,950 INFO  [LocalJobRunner Map Task Executor #0] mapred.Task (Task.java:initialize(587)) -  Using ResourceCalculatorProcessTree : [ ]
2020-10-08 09:58:13,952 INFO  [LocalJobRunner Map Task Executor #0] mapred.MapTask (MapTask.java:runNewMapper(753)) - Processing split: file:/home/vxb3108/project2/intermediate/part-r-00000:0+260
2020-10-08 09:58:14,055 INFO  [LocalJobRunner Map Task Executor #0] mapred.MapTask (MapTask.java:setEquator(1202)) - (EQUATOR) 0 kvi 26214396(104857584)
2020-10-08 09:58:14,055 INFO  [LocalJobRunner Map Task Executor #0] mapred.MapTask (MapTask.java:init(995)) - mapreduce.task.io.sort.mb: 100
2020-10-08 09:58:14,055 INFO  [LocalJobRunner Map Task Executor #0] mapred.MapTask (MapTask.java:init(996)) - soft limit at 83886080
2020-10-08 09:58:14,055 INFO  [LocalJobRunner Map Task Executor #0] mapred.MapTask (MapTask.java:init(997)) - bufstart = 0; bufvoid = 104857600
2020-10-08 09:58:14,055 INFO  [LocalJobRunner Map Task Executor #0] mapred.MapTask (MapTask.java:init(998)) - kvstart = 26214396; length = 6553600
2020-10-08 09:58:14,056 INFO  [LocalJobRunner Map Task Executor #0] mapred.MapTask (MapTask.java:createSortingCollector(402)) - Map output collector class = org.apache.hadoop.mapred.MapTask$MapOutputBuffer
2020-10-08 09:58:14,115 INFO  [LocalJobRunner Map Task Executor #0] mapred.LocalJobRunner (LocalJobRunner.java:statusUpdate(591)) - 
2020-10-08 09:58:14,116 INFO  [LocalJobRunner Map Task Executor #0] mapred.MapTask (MapTask.java:flush(1457)) - Starting flush of map output
2020-10-08 09:58:14,116 INFO  [LocalJobRunner Map Task Executor #0] mapred.MapTask (MapTask.java:flush(1475)) - Spilling map output
2020-10-08 09:58:14,116 INFO  [LocalJobRunner Map Task Executor #0] mapred.MapTask (MapTask.java:flush(1476)) - bufstart = 0; bufend = 464; bufvoid = 104857600
2020-10-08 09:58:14,116 INFO  [LocalJobRunner Map Task Executor #0] mapred.MapTask (MapTask.java:flush(1478)) - kvstart = 26214396(104857584); kvend = 26214284(104857136); length = 113/6553600
2020-10-08 09:58:14,117 INFO  [LocalJobRunner Map Task Executor #0] mapred.MapTask (MapTask.java:sortAndSpill(1660)) - Finished spill 0
2020-10-08 09:58:14,119 INFO  [LocalJobRunner Map Task Executor #0] mapred.Task (Task.java:done(1001)) - Task:attempt_local1759262528_0002_m_000000_0 is done. And is in the process of committing
2020-10-08 09:58:14,121 INFO  [LocalJobRunner Map Task Executor #0] mapred.LocalJobRunner (LocalJobRunner.java:statusUpdate(591)) - map
2020-10-08 09:58:14,121 INFO  [LocalJobRunner Map Task Executor #0] mapred.Task (Task.java:sendDone(1121)) - Task 'attempt_local1759262528_0002_m_000000_0' done.
2020-10-08 09:58:14,121 INFO  [LocalJobRunner Map Task Executor #0] mapred.LocalJobRunner (LocalJobRunner.java:run(249)) - Finishing task: attempt_local1759262528_0002_m_000000_0
2020-10-08 09:58:14,122 INFO  [Thread-15] mapred.LocalJobRunner (LocalJobRunner.java:runTasks(456)) - map task executor complete.
2020-10-08 09:58:14,135 INFO  [Thread-15] mapred.LocalJobRunner (LocalJobRunner.java:runTasks(448)) - Waiting for reduce tasks
2020-10-08 09:58:14,135 INFO  [pool-8-thread-1] mapred.LocalJobRunner (LocalJobRunner.java:run(302)) - Starting task: attempt_local1759262528_0002_r_000000_0
2020-10-08 09:58:14,149 INFO  [pool-8-thread-1] mapred.Task (Task.java:initialize(587)) -  Using ResourceCalculatorProcessTree : [ ]
2020-10-08 09:58:14,149 INFO  [pool-8-thread-1] mapred.ReduceTask (ReduceTask.java:run(362)) - Using ShuffleConsumerPlugin: org.apache.hadoop.mapreduce.task.reduce.Shuffle@632e2151
2020-10-08 09:58:14,150 INFO  [pool-8-thread-1] reduce.MergeManagerImpl (MergeManagerImpl.java:<init>(196)) - MergerManager: memoryLimit=709551680, maxSingleShuffleLimit=177387920, mergeThreshold=468304128, ioSortFactor=10, memToMemMergeOutputsThreshold=10
2020-10-08 09:58:14,176 INFO  [EventFetcher for fetching Map Completion Events] reduce.EventFetcher (EventFetcher.java:run(61)) - attempt_local1759262528_0002_r_000000_0 Thread started: EventFetcher for fetching Map Completion Events
2020-10-08 09:58:14,177 INFO  [localfetcher#2] reduce.LocalFetcher (LocalFetcher.java:copyMapOutput(141)) - localfetcher#2 about to shuffle output of map attempt_local1759262528_0002_m_000000_0 decomp: 524 len: 528 to MEMORY
2020-10-08 09:58:14,186 INFO  [localfetcher#2] reduce.InMemoryMapOutput (InMemoryMapOutput.java:shuffle(100)) - Read 524 bytes from map-output for attempt_local1759262528_0002_m_000000_0
2020-10-08 09:58:14,186 INFO  [localfetcher#2] reduce.MergeManagerImpl (MergeManagerImpl.java:closeInMemoryFile(314)) - closeInMemoryFile -> map-output of size: 524, inMemoryMapOutputs.size() -> 1, commitMemory -> 0, usedMemory ->524
2020-10-08 09:58:14,187 INFO  [EventFetcher for fetching Map Completion Events] reduce.EventFetcher (EventFetcher.java:run(76)) - EventFetcher is interrupted.. Returning
2020-10-08 09:58:14,188 INFO  [pool-8-thread-1] mapred.LocalJobRunner (LocalJobRunner.java:statusUpdate(591)) - 1 / 1 copied.
2020-10-08 09:58:14,188 INFO  [pool-8-thread-1] reduce.MergeManagerImpl (MergeManagerImpl.java:finalMerge(674)) - finalMerge called with 1 in-memory map-outputs and 0 on-disk map-outputs
2020-10-08 09:58:14,189 INFO  [pool-8-thread-1] mapred.Merger (Merger.java:merge(597)) - Merging 1 sorted segments
2020-10-08 09:58:14,189 INFO  [pool-8-thread-1] mapred.Merger (Merger.java:merge(696)) - Down to the last merge-pass, with 1 segments left of total size: 514 bytes
2020-10-08 09:58:14,190 INFO  [pool-8-thread-1] reduce.MergeManagerImpl (MergeManagerImpl.java:finalMerge(751)) - Merged 1 segments, 524 bytes to disk to satisfy reduce memory limit
2020-10-08 09:58:14,190 INFO  [pool-8-thread-1] reduce.MergeManagerImpl (MergeManagerImpl.java:finalMerge(781)) - Merging 1 files, 528 bytes from disk
2020-10-08 09:58:14,190 INFO  [pool-8-thread-1] reduce.MergeManagerImpl (MergeManagerImpl.java:finalMerge(796)) - Merging 0 segments, 0 bytes from memory into reduce
2020-10-08 09:58:14,190 INFO  [pool-8-thread-1] mapred.Merger (Merger.java:merge(597)) - Merging 1 sorted segments
2020-10-08 09:58:14,190 INFO  [pool-8-thread-1] mapred.Merger (Merger.java:merge(696)) - Down to the last merge-pass, with 1 segments left of total size: 514 bytes
2020-10-08 09:58:14,190 INFO  [pool-8-thread-1] mapred.LocalJobRunner (LocalJobRunner.java:statusUpdate(591)) - 1 / 1 copied.
2020-10-08 09:58:14,193 WARN  [Readahead Thread #3] io.ReadaheadPool (ReadaheadPool.java:run(214)) - Failed readahead on ifile
EBADF: Bad file descriptor
	at org.apache.hadoop.io.nativeio.NativeIO$POSIX.posix_fadvise(Native Method)
	at org.apache.hadoop.io.nativeio.NativeIO$POSIX.posixFadviseIfPossible(NativeIO.java:267)
	at org.apache.hadoop.io.nativeio.NativeIO$POSIX$CacheManipulator.posixFadviseIfPossible(NativeIO.java:146)
	at org.apache.hadoop.io.ReadaheadPool$ReadaheadRequestImpl.run(ReadaheadPool.java:206)
	at java.util.concurrent.ThreadPoolExecutor.runWorker(ThreadPoolExecutor.java:1149)
	at java.util.concurrent.ThreadPoolExecutor$Worker.run(ThreadPoolExecutor.java:624)
	at java.lang.Thread.run(Thread.java:748)
2020-10-08 09:58:14,199 INFO  [pool-8-thread-1] mapred.Task (Task.java:done(1001)) - Task:attempt_local1759262528_0002_r_000000_0 is done. And is in the process of committing
2020-10-08 09:58:14,200 INFO  [pool-8-thread-1] mapred.LocalJobRunner (LocalJobRunner.java:statusUpdate(591)) - 1 / 1 copied.
2020-10-08 09:58:14,200 INFO  [pool-8-thread-1] mapred.Task (Task.java:commit(1162)) - Task attempt_local1759262528_0002_r_000000_0 is allowed to commit now
2020-10-08 09:58:14,205 INFO  [pool-8-thread-1] output.FileOutputCommitter (FileOutputCommitter.java:commitTask(439)) - Saved output of task 'attempt_local1759262528_0002_r_000000_0' to file:/home/vxb3108/project2/output/_temporary/0/task_local1759262528_0002_r_000000
2020-10-08 09:58:14,205 INFO  [pool-8-thread-1] mapred.LocalJobRunner (LocalJobRunner.java:statusUpdate(591)) - reduce > reduce
2020-10-08 09:58:14,205 INFO  [pool-8-thread-1] mapred.Task (Task.java:sendDone(1121)) - Task 'attempt_local1759262528_0002_r_000000_0' done.
2020-10-08 09:58:14,205 INFO  [pool-8-thread-1] mapred.LocalJobRunner (LocalJobRunner.java:run(325)) - Finishing task: attempt_local1759262528_0002_r_000000_0
2020-10-08 09:58:14,205 INFO  [Thread-15] mapred.LocalJobRunner (LocalJobRunner.java:runTasks(456)) - reduce task executor complete.
2020-10-08 09:58:14,909 INFO  [main] mapreduce.Job (Job.java:monitorAndPrintJob(1366)) - Job job_local1759262528_0002 running in uber mode : false
2020-10-08 09:58:14,910 INFO  [main] mapreduce.Job (Job.java:monitorAndPrintJob(1373)) -  map 100% reduce 100%
2020-10-08 09:58:14,910 INFO  [main] mapreduce.Job (Job.java:monitorAndPrintJob(1384)) - Job job_local1759262528_0002 completed successfully
2020-10-08 09:58:14,912 INFO  [main] mapreduce.Job (Job.java:monitorAndPrintJob(1391)) - Counters: 33
	File System Counters
		FILE: Number of bytes read=37312
		FILE: Number of bytes written=1053485
		FILE: Number of read operations=0
		FILE: Number of large read operations=0
		FILE: Number of write operations=0
	Map-Reduce Framework
		Map input records=29
		Map output records=29
		Map output bytes=464
		Map output materialized bytes=528
		Input split bytes=118
		Combine input records=0
		Combine output records=0
		Reduce input groups=12
		Reduce shuffle bytes=528
		Reduce input records=29
		Reduce output records=12
		Spilled Records=58
		Shuffled Maps =1
		Failed Shuffles=0
		Merged Map outputs=1
		GC time elapsed (ms)=32
		CPU time spent (ms)=0
		Physical memory (bytes) snapshot=0
		Virtual memory (bytes) snapshot=0
		Total committed heap usage (bytes)=436215808
	Shuffle Errors
		BAD_ID=0
		CONNECTION=0
		IO_ERROR=0
		WRONG_LENGTH=0
		WRONG_MAP=0
		WRONG_REDUCE=0
	File Input Format Counters 
		Bytes Read=280
	File Output Format Counters 
		Bytes Written=117
