Using Spark's default log4j profile: org/apache/spark/log4j-defaults.properties
20/11/10 20:45:37 INFO SparkContext: Running Spark version 1.5.2
20/11/10 20:45:37 WARN NativeCodeLoader: Unable to load native-hadoop library for your platform... using builtin-java classes where applicable
20/11/10 20:45:37 INFO SecurityManager: Changing view acls to: vxb3108
20/11/10 20:45:37 INFO SecurityManager: Changing modify acls to: vxb3108
20/11/10 20:45:37 INFO SecurityManager: SecurityManager: authentication disabled; ui acls disabled; users with view permissions: Set(vxb3108); users with modify permissions: Set(vxb3108)
20/11/10 20:45:37 INFO Slf4jLogger: Slf4jLogger started
20/11/10 20:45:38 INFO Remoting: Starting remoting
20/11/10 20:45:38 INFO Remoting: Remoting started; listening on addresses :[akka.tcp://sparkDriver@198.202.112.112:38659]
20/11/10 20:45:38 INFO Utils: Successfully started service 'sparkDriver' on port 38659.
20/11/10 20:45:38 INFO SparkEnv: Registering MapOutputTracker
20/11/10 20:45:38 INFO SparkEnv: Registering BlockManagerMaster
20/11/10 20:45:38 INFO DiskBlockManager: Created local directory at /tmp/blockmgr-04fad74d-0ad7-4be6-8736-40ed26ea3c34
20/11/10 20:45:38 INFO MemoryStore: MemoryStore started with capacity 530.0 MB
20/11/10 20:45:38 INFO HttpFileServer: HTTP File server directory is /tmp/spark-6b17b1a5-aeaa-415a-9d5c-dc8b73062d60/httpd-18b899ae-16bf-428d-ab87-5503cd2b2b8c
20/11/10 20:45:38 INFO HttpServer: Starting HTTP Server
20/11/10 20:45:38 INFO Utils: Successfully started service 'HTTP file server' on port 42490.
20/11/10 20:45:38 INFO SparkEnv: Registering OutputCommitCoordinator
20/11/10 20:45:38 INFO Utils: Successfully started service 'SparkUI' on port 4040.
20/11/10 20:45:38 INFO SparkUI: Started SparkUI at http://198.202.112.112:4040
20/11/10 20:45:38 INFO SparkContext: Added JAR file:/home/vxb3108/project5/partition.jar at http://198.202.112.112:42490/jars/partition.jar with timestamp 1605069938436
20/11/10 20:45:38 WARN MetricsSystem: Using default name DAGScheduler for source because spark.app.id is not set.
20/11/10 20:45:38 INFO Executor: Starting executor ID driver on host localhost
20/11/10 20:45:38 INFO Utils: Successfully started service 'org.apache.spark.network.netty.NettyBlockTransferService' on port 45525.
20/11/10 20:45:38 INFO NettyBlockTransferService: Server created on 45525
20/11/10 20:45:38 INFO BlockManagerMaster: Trying to register BlockManager
20/11/10 20:45:38 INFO BlockManagerMasterEndpoint: Registering block manager localhost:45525 with 530.0 MB RAM, BlockManagerId(driver, localhost, 45525)
20/11/10 20:45:38 INFO BlockManagerMaster: Registered BlockManager
20/11/10 20:45:39 INFO MemoryStore: ensureFreeSpace(120040) called with curMem=0, maxMem=555755765
20/11/10 20:45:39 INFO MemoryStore: Block broadcast_0 stored as values in memory (estimated size 117.2 KB, free 529.9 MB)
20/11/10 20:45:39 INFO MemoryStore: ensureFreeSpace(12673) called with curMem=120040, maxMem=555755765
20/11/10 20:45:39 INFO MemoryStore: Block broadcast_0_piece0 stored as bytes in memory (estimated size 12.4 KB, free 529.9 MB)
20/11/10 20:45:39 INFO BlockManagerInfo: Added broadcast_0_piece0 in memory on localhost:45525 (size: 12.4 KB, free: 530.0 MB)
20/11/10 20:45:39 INFO SparkContext: Created broadcast 0 from textFile at Partition.scala:16
20/11/10 20:45:39 INFO FileInputFormat: Total input paths to process : 1
20/11/10 20:45:39 INFO SparkContext: Starting job: collect at Partition.scala:56
20/11/10 20:45:39 INFO DAGScheduler: Registering RDD 5 (map at Partition.scala:43)
20/11/10 20:45:39 INFO DAGScheduler: Registering RDD 3 (flatMap at Partition.scala:41)
20/11/10 20:45:39 INFO DAGScheduler: Registering RDD 10 (flatMap at Partition.scala:41)
20/11/10 20:45:39 INFO MapOutputTrackerMaster: Size of output statuses for shuffle 7 is 85 bytes
20/11/10 20:45:39 INFO MapOutputTrackerMaster: Size of output statuses for shuffle 0 is 85 bytes
20/11/10 20:45:39 INFO DAGScheduler: Registering RDD 12 (map at Partition.scala:43)
20/11/10 20:45:39 INFO DAGScheduler: Registering RDD 19 (map at Partition.scala:43)
20/11/10 20:45:39 INFO DAGScheduler: Registering RDD 17 (flatMap at Partition.scala:41)
20/11/10 20:45:39 INFO DAGScheduler: Registering RDD 24 (flatMap at Partition.scala:41)
20/11/10 20:45:39 INFO MapOutputTrackerMaster: Size of output statuses for shuffle 9 is 85 bytes
20/11/10 20:45:39 INFO MapOutputTrackerMaster: Size of output statuses for shuffle 8 is 85 bytes
20/11/10 20:45:39 INFO MapOutputTrackerMaster: Size of output statuses for shuffle 1 is 85 bytes
20/11/10 20:45:39 INFO MapOutputTrackerMaster: Size of output statuses for shuffle 2 is 85 bytes
20/11/10 20:45:39 INFO DAGScheduler: Registering RDD 26 (map at Partition.scala:43)
20/11/10 20:45:39 INFO DAGScheduler: Registering RDD 33 (map at Partition.scala:43)
20/11/10 20:45:39 INFO DAGScheduler: Registering RDD 31 (flatMap at Partition.scala:41)
20/11/10 20:45:39 INFO DAGScheduler: Registering RDD 38 (flatMap at Partition.scala:41)
20/11/10 20:45:39 INFO MapOutputTrackerMaster: Size of output statuses for shuffle 11 is 85 bytes
20/11/10 20:45:39 INFO MapOutputTrackerMaster: Size of output statuses for shuffle 10 is 85 bytes
20/11/10 20:45:39 INFO MapOutputTrackerMaster: Size of output statuses for shuffle 3 is 85 bytes
20/11/10 20:45:39 INFO MapOutputTrackerMaster: Size of output statuses for shuffle 4 is 85 bytes
20/11/10 20:45:39 INFO DAGScheduler: Registering RDD 40 (map at Partition.scala:43)
20/11/10 20:45:39 INFO DAGScheduler: Registering RDD 45 (map at Partition.scala:56)
20/11/10 20:45:39 INFO DAGScheduler: Got job 0 (collect at Partition.scala:56) with 2 output partitions
20/11/10 20:45:39 INFO DAGScheduler: Final stage: ResultStage 31(collect at Partition.scala:56)
20/11/10 20:45:39 INFO DAGScheduler: Parents of final stage: List(ShuffleMapStage 30)
20/11/10 20:45:39 INFO DAGScheduler: Missing parents: List(ShuffleMapStage 30)
20/11/10 20:45:39 INFO DAGScheduler: Submitting ShuffleMapStage 23 (MapPartitionsRDD[3] at flatMap at Partition.scala:41), which has no missing parents
20/11/10 20:45:39 INFO MemoryStore: ensureFreeSpace(4208) called with curMem=132713, maxMem=555755765
20/11/10 20:45:39 INFO MemoryStore: Block broadcast_1 stored as values in memory (estimated size 4.1 KB, free 529.9 MB)
20/11/10 20:45:39 INFO MemoryStore: ensureFreeSpace(2384) called with curMem=136921, maxMem=555755765
20/11/10 20:45:39 INFO MemoryStore: Block broadcast_1_piece0 stored as bytes in memory (estimated size 2.3 KB, free 529.9 MB)
20/11/10 20:45:39 INFO BlockManagerInfo: Added broadcast_1_piece0 in memory on localhost:45525 (size: 2.3 KB, free: 530.0 MB)
20/11/10 20:45:39 INFO SparkContext: Created broadcast 1 from broadcast at DAGScheduler.scala:861
20/11/10 20:45:39 INFO DAGScheduler: Submitting 2 missing tasks from ShuffleMapStage 23 (MapPartitionsRDD[3] at flatMap at Partition.scala:41)
20/11/10 20:45:39 INFO TaskSchedulerImpl: Adding task set 23.0 with 2 tasks
20/11/10 20:45:39 INFO DAGScheduler: Submitting ShuffleMapStage 24 (MapPartitionsRDD[5] at map at Partition.scala:43), which has no missing parents
20/11/10 20:45:39 INFO MemoryStore: ensureFreeSpace(3808) called with curMem=139305, maxMem=555755765
20/11/10 20:45:39 INFO MemoryStore: Block broadcast_2 stored as values in memory (estimated size 3.7 KB, free 529.9 MB)
20/11/10 20:45:39 INFO MemoryStore: ensureFreeSpace(2224) called with curMem=143113, maxMem=555755765
20/11/10 20:45:39 INFO MemoryStore: Block broadcast_2_piece0 stored as bytes in memory (estimated size 2.2 KB, free 529.9 MB)
20/11/10 20:45:39 INFO TaskSetManager: Starting task 0.0 in stage 23.0 (TID 0, localhost, PROCESS_LOCAL, 2198 bytes)
20/11/10 20:45:39 INFO BlockManagerInfo: Added broadcast_2_piece0 in memory on localhost:45525 (size: 2.2 KB, free: 530.0 MB)
20/11/10 20:45:39 INFO SparkContext: Created broadcast 2 from broadcast at DAGScheduler.scala:861
20/11/10 20:45:39 INFO DAGScheduler: Submitting 2 missing tasks from ShuffleMapStage 24 (MapPartitionsRDD[5] at map at Partition.scala:43)
20/11/10 20:45:39 INFO TaskSchedulerImpl: Adding task set 24.0 with 2 tasks
20/11/10 20:45:39 INFO TaskSetManager: Starting task 1.0 in stage 23.0 (TID 1, localhost, PROCESS_LOCAL, 2198 bytes)
20/11/10 20:45:39 INFO Executor: Running task 0.0 in stage 23.0 (TID 0)
20/11/10 20:45:39 INFO Executor: Fetching http://198.202.112.112:42490/jars/partition.jar with timestamp 1605069938436
20/11/10 20:45:39 INFO Executor: Running task 1.0 in stage 23.0 (TID 1)
20/11/10 20:45:39 INFO Utils: Fetching http://198.202.112.112:42490/jars/partition.jar to /tmp/spark-6b17b1a5-aeaa-415a-9d5c-dc8b73062d60/userFiles-044c1d4c-7c64-4073-9708-446b9c48c695/fetchFileTemp8324455759308323138.tmp
20/11/10 20:45:39 INFO Executor: Adding file:/tmp/spark-6b17b1a5-aeaa-415a-9d5c-dc8b73062d60/userFiles-044c1d4c-7c64-4073-9708-446b9c48c695/partition.jar to class loader
20/11/10 20:45:39 INFO HadoopRDD: Input split: file:/home/vxb3108/project5/small-graph.txt:1770+1771
20/11/10 20:45:39 INFO deprecation: mapred.tip.id is deprecated. Instead, use mapreduce.task.id
20/11/10 20:45:39 INFO deprecation: mapred.task.id is deprecated. Instead, use mapreduce.task.attempt.id
20/11/10 20:45:39 INFO deprecation: mapred.task.is.map is deprecated. Instead, use mapreduce.task.ismap
20/11/10 20:45:39 INFO deprecation: mapred.task.partition is deprecated. Instead, use mapreduce.task.partition
20/11/10 20:45:39 INFO deprecation: mapred.job.id is deprecated. Instead, use mapreduce.job.id
20/11/10 20:45:39 INFO HadoopRDD: Input split: file:/home/vxb3108/project5/small-graph.txt:0+1770
20/11/10 20:45:39 INFO Executor: Finished task 0.0 in stage 23.0 (TID 0). 2254 bytes result sent to driver
20/11/10 20:45:39 INFO TaskSetManager: Starting task 0.0 in stage 24.0 (TID 2, localhost, PROCESS_LOCAL, 2198 bytes)
20/11/10 20:45:39 INFO Executor: Running task 0.0 in stage 24.0 (TID 2)
20/11/10 20:45:39 INFO HadoopRDD: Input split: file:/home/vxb3108/project5/small-graph.txt:0+1770
20/11/10 20:45:39 INFO Executor: Finished task 1.0 in stage 23.0 (TID 1). 2254 bytes result sent to driver
20/11/10 20:45:39 INFO TaskSetManager: Starting task 1.0 in stage 24.0 (TID 3, localhost, PROCESS_LOCAL, 2198 bytes)
20/11/10 20:45:39 INFO Executor: Running task 1.0 in stage 24.0 (TID 3)
20/11/10 20:45:39 INFO HadoopRDD: Input split: file:/home/vxb3108/project5/small-graph.txt:1770+1771
20/11/10 20:45:39 INFO TaskSetManager: Finished task 1.0 in stage 23.0 (TID 1) in 237 ms on localhost (1/2)
20/11/10 20:45:39 INFO Executor: Finished task 1.0 in stage 24.0 (TID 3). 2254 bytes result sent to driver
20/11/10 20:45:39 INFO Executor: Finished task 0.0 in stage 24.0 (TID 2). 2254 bytes result sent to driver
20/11/10 20:45:39 INFO TaskSetManager: Finished task 0.0 in stage 23.0 (TID 0) in 283 ms on localhost (2/2)
20/11/10 20:45:39 INFO TaskSchedulerImpl: Removed TaskSet 23.0, whose tasks have all completed, from pool 
20/11/10 20:45:39 INFO TaskSetManager: Finished task 1.0 in stage 24.0 (TID 3) in 40 ms on localhost (1/2)
20/11/10 20:45:39 INFO DAGScheduler: ShuffleMapStage 23 (flatMap at Partition.scala:41) finished in 0.289 s
20/11/10 20:45:39 INFO DAGScheduler: looking for newly runnable stages
20/11/10 20:45:39 INFO DAGScheduler: running: Set(ShuffleMapStage 24)
20/11/10 20:45:39 INFO DAGScheduler: waiting: Set(ShuffleMapStage 30, ShuffleMapStage 27, ShuffleMapStage 19, ResultStage 31, ShuffleMapStage 20, ShuffleMapStage 21, ShuffleMapStage 18, ShuffleMapStage 28, ShuffleMapStage 25, ShuffleMapStage 22, ShuffleMapStage 29, ShuffleMapStage 26)
20/11/10 20:45:39 INFO DAGScheduler: failed: Set()
20/11/10 20:45:39 INFO DAGScheduler: Missing parents for ShuffleMapStage 30: List(ShuffleMapStage 18, ShuffleMapStage 29)
20/11/10 20:45:39 INFO DAGScheduler: Missing parents for ShuffleMapStage 27: List(ShuffleMapStage 21, ShuffleMapStage 26)
20/11/10 20:45:39 INFO DAGScheduler: Missing parents for ShuffleMapStage 19: List(ShuffleMapStage 27, ShuffleMapStage 20)
20/11/10 20:45:39 INFO DAGScheduler: Missing parents for ResultStage 31: List(ShuffleMapStage 30)
20/11/10 20:45:39 INFO DAGScheduler: Missing parents for ShuffleMapStage 20: List(ShuffleMapStage 21, ShuffleMapStage 26)
20/11/10 20:45:39 INFO DAGScheduler: Missing parents for ShuffleMapStage 21: List(ShuffleMapStage 25, ShuffleMapStage 22)
20/11/10 20:45:39 INFO DAGScheduler: Missing parents for ShuffleMapStage 18: List(ShuffleMapStage 19, ShuffleMapStage 28)
20/11/10 20:45:39 INFO DAGScheduler: Missing parents for ShuffleMapStage 28: List(ShuffleMapStage 27, ShuffleMapStage 20)
20/11/10 20:45:39 INFO DAGScheduler: Missing parents for ShuffleMapStage 25: List(ShuffleMapStage 24)
20/11/10 20:45:39 INFO DAGScheduler: Missing parents for ShuffleMapStage 22: List(ShuffleMapStage 24)
20/11/10 20:45:39 INFO DAGScheduler: Missing parents for ShuffleMapStage 29: List(ShuffleMapStage 19, ShuffleMapStage 28)
20/11/10 20:45:39 INFO DAGScheduler: Missing parents for ShuffleMapStage 26: List(ShuffleMapStage 25, ShuffleMapStage 22)
20/11/10 20:45:39 INFO TaskSetManager: Finished task 0.0 in stage 24.0 (TID 2) in 60 ms on localhost (2/2)
20/11/10 20:45:39 INFO TaskSchedulerImpl: Removed TaskSet 24.0, whose tasks have all completed, from pool 
20/11/10 20:45:39 INFO DAGScheduler: ShuffleMapStage 24 (map at Partition.scala:43) finished in 0.274 s
20/11/10 20:45:39 INFO DAGScheduler: looking for newly runnable stages
20/11/10 20:45:39 INFO DAGScheduler: running: Set()
20/11/10 20:45:39 INFO DAGScheduler: waiting: Set(ShuffleMapStage 30, ShuffleMapStage 27, ShuffleMapStage 19, ResultStage 31, ShuffleMapStage 20, ShuffleMapStage 21, ShuffleMapStage 18, ShuffleMapStage 28, ShuffleMapStage 25, ShuffleMapStage 22, ShuffleMapStage 29, ShuffleMapStage 26)
20/11/10 20:45:39 INFO DAGScheduler: failed: Set()
20/11/10 20:45:39 INFO DAGScheduler: Missing parents for ShuffleMapStage 30: List(ShuffleMapStage 18, ShuffleMapStage 29)
20/11/10 20:45:39 INFO DAGScheduler: Missing parents for ShuffleMapStage 27: List(ShuffleMapStage 21, ShuffleMapStage 26)
20/11/10 20:45:39 INFO DAGScheduler: Missing parents for ShuffleMapStage 19: List(ShuffleMapStage 27, ShuffleMapStage 20)
20/11/10 20:45:39 INFO DAGScheduler: Missing parents for ResultStage 31: List(ShuffleMapStage 30)
20/11/10 20:45:39 INFO DAGScheduler: Missing parents for ShuffleMapStage 20: List(ShuffleMapStage 21, ShuffleMapStage 26)
20/11/10 20:45:39 INFO DAGScheduler: Missing parents for ShuffleMapStage 21: List(ShuffleMapStage 25, ShuffleMapStage 22)
20/11/10 20:45:39 INFO DAGScheduler: Missing parents for ShuffleMapStage 18: List(ShuffleMapStage 19, ShuffleMapStage 28)
20/11/10 20:45:39 INFO DAGScheduler: Missing parents for ShuffleMapStage 28: List(ShuffleMapStage 27, ShuffleMapStage 20)
20/11/10 20:45:39 INFO DAGScheduler: Missing parents for ShuffleMapStage 25: List()
20/11/10 20:45:39 INFO DAGScheduler: Missing parents for ShuffleMapStage 22: List()
20/11/10 20:45:39 INFO DAGScheduler: Missing parents for ShuffleMapStage 29: List(ShuffleMapStage 19, ShuffleMapStage 28)
20/11/10 20:45:39 INFO DAGScheduler: Missing parents for ShuffleMapStage 26: List(ShuffleMapStage 25, ShuffleMapStage 22)
20/11/10 20:45:39 INFO DAGScheduler: Submitting ShuffleMapStage 22 (MapPartitionsRDD[10] at flatMap at Partition.scala:41), which is now runnable
20/11/10 20:45:39 INFO MemoryStore: ensureFreeSpace(3624) called with curMem=145337, maxMem=555755765
20/11/10 20:45:39 INFO MemoryStore: Block broadcast_3 stored as values in memory (estimated size 3.5 KB, free 529.9 MB)
20/11/10 20:45:39 INFO MemoryStore: ensureFreeSpace(1837) called with curMem=148961, maxMem=555755765
20/11/10 20:45:39 INFO MemoryStore: Block broadcast_3_piece0 stored as bytes in memory (estimated size 1837.0 B, free 529.9 MB)
20/11/10 20:45:39 INFO BlockManagerInfo: Added broadcast_3_piece0 in memory on localhost:45525 (size: 1837.0 B, free: 530.0 MB)
20/11/10 20:45:39 INFO SparkContext: Created broadcast 3 from broadcast at DAGScheduler.scala:861
20/11/10 20:45:39 INFO DAGScheduler: Submitting 2 missing tasks from ShuffleMapStage 22 (MapPartitionsRDD[10] at flatMap at Partition.scala:41)
20/11/10 20:45:39 INFO TaskSchedulerImpl: Adding task set 22.0 with 2 tasks
20/11/10 20:45:39 INFO TaskSetManager: Starting task 0.0 in stage 22.0 (TID 4, localhost, PROCESS_LOCAL, 2174 bytes)
20/11/10 20:45:39 INFO TaskSetManager: Starting task 1.0 in stage 22.0 (TID 5, localhost, PROCESS_LOCAL, 2174 bytes)
20/11/10 20:45:39 INFO Executor: Running task 0.0 in stage 22.0 (TID 4)
20/11/10 20:45:39 INFO Executor: Running task 1.0 in stage 22.0 (TID 5)
20/11/10 20:45:39 INFO ShuffleBlockFetcherIterator: Getting 2 non-empty blocks out of 2 blocks
20/11/10 20:45:39 INFO ShuffleBlockFetcherIterator: Started 0 remote fetches in 3 ms
20/11/10 20:45:39 INFO ShuffleBlockFetcherIterator: Getting 2 non-empty blocks out of 2 blocks
20/11/10 20:45:39 INFO ShuffleBlockFetcherIterator: Started 0 remote fetches in 0 ms
20/11/10 20:45:39 INFO DAGScheduler: Submitting ShuffleMapStage 25 (MapPartitionsRDD[12] at map at Partition.scala:43), which is now runnable
20/11/10 20:45:39 INFO ShuffleBlockFetcherIterator: Getting 2 non-empty blocks out of 2 blocks
20/11/10 20:45:39 INFO ShuffleBlockFetcherIterator: Started 0 remote fetches in 0 ms
20/11/10 20:45:39 INFO MemoryStore: ensureFreeSpace(3512) called with curMem=150798, maxMem=555755765
20/11/10 20:45:39 INFO MemoryStore: Block broadcast_4 stored as values in memory (estimated size 3.4 KB, free 529.9 MB)
20/11/10 20:45:39 INFO MemoryStore: ensureFreeSpace(1801) called with curMem=154310, maxMem=555755765
20/11/10 20:45:39 INFO MemoryStore: Block broadcast_4_piece0 stored as bytes in memory (estimated size 1801.0 B, free 529.9 MB)
20/11/10 20:45:39 INFO ShuffleBlockFetcherIterator: Getting 2 non-empty blocks out of 2 blocks
20/11/10 20:45:39 INFO ShuffleBlockFetcherIterator: Started 0 remote fetches in 0 ms
20/11/10 20:45:39 INFO BlockManagerInfo: Added broadcast_4_piece0 in memory on localhost:45525 (size: 1801.0 B, free: 530.0 MB)
20/11/10 20:45:39 INFO SparkContext: Created broadcast 4 from broadcast at DAGScheduler.scala:861
20/11/10 20:45:39 INFO DAGScheduler: Submitting 2 missing tasks from ShuffleMapStage 25 (MapPartitionsRDD[12] at map at Partition.scala:43)
20/11/10 20:45:39 INFO TaskSchedulerImpl: Adding task set 25.0 with 2 tasks
20/11/10 20:45:39 INFO Executor: Finished task 1.0 in stage 22.0 (TID 5). 1375 bytes result sent to driver
20/11/10 20:45:39 INFO TaskSetManager: Starting task 0.0 in stage 25.0 (TID 6, localhost, PROCESS_LOCAL, 2174 bytes)
20/11/10 20:45:39 INFO TaskSetManager: Finished task 1.0 in stage 22.0 (TID 5) in 80 ms on localhost (1/2)
20/11/10 20:45:39 INFO Executor: Finished task 0.0 in stage 22.0 (TID 4). 1375 bytes result sent to driver
20/11/10 20:45:39 INFO TaskSetManager: Starting task 1.0 in stage 25.0 (TID 7, localhost, PROCESS_LOCAL, 2174 bytes)
20/11/10 20:45:39 INFO TaskSetManager: Finished task 0.0 in stage 22.0 (TID 4) in 87 ms on localhost (2/2)
20/11/10 20:45:39 INFO TaskSchedulerImpl: Removed TaskSet 22.0, whose tasks have all completed, from pool 
20/11/10 20:45:40 INFO DAGScheduler: ShuffleMapStage 22 (flatMap at Partition.scala:41) finished in 0.057 s
20/11/10 20:45:40 INFO DAGScheduler: looking for newly runnable stages
20/11/10 20:45:40 INFO DAGScheduler: running: Set(ShuffleMapStage 25)
20/11/10 20:45:40 INFO DAGScheduler: waiting: Set(ShuffleMapStage 30, ShuffleMapStage 27, ShuffleMapStage 19, ResultStage 31, ShuffleMapStage 20, ShuffleMapStage 21, ShuffleMapStage 18, ShuffleMapStage 28, ShuffleMapStage 29, ShuffleMapStage 26)
20/11/10 20:45:40 INFO DAGScheduler: failed: Set()
20/11/10 20:45:40 INFO DAGScheduler: Missing parents for ShuffleMapStage 30: List(ShuffleMapStage 18, ShuffleMapStage 29)
20/11/10 20:45:40 INFO DAGScheduler: Missing parents for ShuffleMapStage 27: List(ShuffleMapStage 21, ShuffleMapStage 26)
20/11/10 20:45:40 INFO DAGScheduler: Missing parents for ShuffleMapStage 19: List(ShuffleMapStage 27, ShuffleMapStage 20)
20/11/10 20:45:40 INFO DAGScheduler: Missing parents for ResultStage 31: List(ShuffleMapStage 30)
20/11/10 20:45:40 INFO DAGScheduler: Missing parents for ShuffleMapStage 20: List(ShuffleMapStage 21, ShuffleMapStage 26)
20/11/10 20:45:40 INFO DAGScheduler: Missing parents for ShuffleMapStage 21: List(ShuffleMapStage 25)
20/11/10 20:45:40 INFO DAGScheduler: Missing parents for ShuffleMapStage 18: List(ShuffleMapStage 19, ShuffleMapStage 28)
20/11/10 20:45:40 INFO DAGScheduler: Missing parents for ShuffleMapStage 28: List(ShuffleMapStage 27, ShuffleMapStage 20)
20/11/10 20:45:40 INFO DAGScheduler: Missing parents for ShuffleMapStage 29: List(ShuffleMapStage 19, ShuffleMapStage 28)
20/11/10 20:45:40 INFO DAGScheduler: Missing parents for ShuffleMapStage 26: List(ShuffleMapStage 25)
20/11/10 20:45:40 INFO Executor: Running task 1.0 in stage 25.0 (TID 7)
20/11/10 20:45:40 INFO ShuffleBlockFetcherIterator: Getting 2 non-empty blocks out of 2 blocks
20/11/10 20:45:40 INFO ShuffleBlockFetcherIterator: Started 0 remote fetches in 1 ms
20/11/10 20:45:40 INFO ShuffleBlockFetcherIterator: Getting 2 non-empty blocks out of 2 blocks
20/11/10 20:45:40 INFO ShuffleBlockFetcherIterator: Started 0 remote fetches in 0 ms
20/11/10 20:45:40 INFO Executor: Running task 0.0 in stage 25.0 (TID 6)
20/11/10 20:45:40 INFO ShuffleBlockFetcherIterator: Getting 2 non-empty blocks out of 2 blocks
20/11/10 20:45:40 INFO ShuffleBlockFetcherIterator: Started 0 remote fetches in 1 ms
20/11/10 20:45:40 INFO ShuffleBlockFetcherIterator: Getting 2 non-empty blocks out of 2 blocks
20/11/10 20:45:40 INFO ShuffleBlockFetcherIterator: Started 0 remote fetches in 0 ms
20/11/10 20:45:40 INFO Executor: Finished task 1.0 in stage 25.0 (TID 7). 1375 bytes result sent to driver
20/11/10 20:45:40 INFO TaskSetManager: Finished task 1.0 in stage 25.0 (TID 7) in 26 ms on localhost (1/2)
20/11/10 20:45:40 INFO Executor: Finished task 0.0 in stage 25.0 (TID 6). 1375 bytes result sent to driver
20/11/10 20:45:40 INFO TaskSetManager: Finished task 0.0 in stage 25.0 (TID 6) in 33 ms on localhost (2/2)
20/11/10 20:45:40 INFO TaskSchedulerImpl: Removed TaskSet 25.0, whose tasks have all completed, from pool 
20/11/10 20:45:40 INFO DAGScheduler: ShuffleMapStage 25 (map at Partition.scala:43) finished in 0.065 s
20/11/10 20:45:40 INFO DAGScheduler: looking for newly runnable stages
20/11/10 20:45:40 INFO DAGScheduler: running: Set()
20/11/10 20:45:40 INFO DAGScheduler: waiting: Set(ShuffleMapStage 30, ShuffleMapStage 27, ShuffleMapStage 19, ResultStage 31, ShuffleMapStage 20, ShuffleMapStage 21, ShuffleMapStage 18, ShuffleMapStage 28, ShuffleMapStage 29, ShuffleMapStage 26)
20/11/10 20:45:40 INFO DAGScheduler: failed: Set()
20/11/10 20:45:40 INFO DAGScheduler: Missing parents for ShuffleMapStage 30: List(ShuffleMapStage 18, ShuffleMapStage 29)
20/11/10 20:45:40 INFO DAGScheduler: Missing parents for ShuffleMapStage 27: List(ShuffleMapStage 21, ShuffleMapStage 26)
20/11/10 20:45:40 INFO DAGScheduler: Missing parents for ShuffleMapStage 19: List(ShuffleMapStage 27, ShuffleMapStage 20)
20/11/10 20:45:40 INFO DAGScheduler: Missing parents for ResultStage 31: List(ShuffleMapStage 30)
20/11/10 20:45:40 INFO DAGScheduler: Missing parents for ShuffleMapStage 20: List(ShuffleMapStage 21, ShuffleMapStage 26)
20/11/10 20:45:40 INFO DAGScheduler: Missing parents for ShuffleMapStage 21: List()
20/11/10 20:45:40 INFO DAGScheduler: Missing parents for ShuffleMapStage 18: List(ShuffleMapStage 19, ShuffleMapStage 28)
20/11/10 20:45:40 INFO DAGScheduler: Missing parents for ShuffleMapStage 28: List(ShuffleMapStage 27, ShuffleMapStage 20)
20/11/10 20:45:40 INFO DAGScheduler: Missing parents for ShuffleMapStage 29: List(ShuffleMapStage 19, ShuffleMapStage 28)
20/11/10 20:45:40 INFO DAGScheduler: Missing parents for ShuffleMapStage 26: List()
20/11/10 20:45:40 INFO DAGScheduler: Submitting ShuffleMapStage 21 (MapPartitionsRDD[17] at flatMap at Partition.scala:41), which is now runnable
20/11/10 20:45:40 INFO MemoryStore: ensureFreeSpace(3624) called with curMem=156111, maxMem=555755765
20/11/10 20:45:40 INFO MemoryStore: Block broadcast_5 stored as values in memory (estimated size 3.5 KB, free 529.9 MB)
20/11/10 20:45:40 INFO MemoryStore: ensureFreeSpace(1852) called with curMem=159735, maxMem=555755765
20/11/10 20:45:40 INFO MemoryStore: Block broadcast_5_piece0 stored as bytes in memory (estimated size 1852.0 B, free 529.9 MB)
20/11/10 20:45:40 INFO BlockManagerInfo: Added broadcast_5_piece0 in memory on localhost:45525 (size: 1852.0 B, free: 530.0 MB)
20/11/10 20:45:40 INFO SparkContext: Created broadcast 5 from broadcast at DAGScheduler.scala:861
20/11/10 20:45:40 INFO DAGScheduler: Submitting 2 missing tasks from ShuffleMapStage 21 (MapPartitionsRDD[17] at flatMap at Partition.scala:41)
20/11/10 20:45:40 INFO TaskSchedulerImpl: Adding task set 21.0 with 2 tasks
20/11/10 20:45:40 INFO TaskSetManager: Starting task 0.0 in stage 21.0 (TID 8, localhost, PROCESS_LOCAL, 2174 bytes)
20/11/10 20:45:40 INFO TaskSetManager: Starting task 1.0 in stage 21.0 (TID 9, localhost, PROCESS_LOCAL, 2174 bytes)
20/11/10 20:45:40 INFO Executor: Running task 1.0 in stage 21.0 (TID 9)
20/11/10 20:45:40 INFO ShuffleBlockFetcherIterator: Getting 2 non-empty blocks out of 2 blocks
20/11/10 20:45:40 INFO ShuffleBlockFetcherIterator: Started 0 remote fetches in 0 ms
20/11/10 20:45:40 INFO ShuffleBlockFetcherIterator: Getting 2 non-empty blocks out of 2 blocks
20/11/10 20:45:40 INFO ShuffleBlockFetcherIterator: Started 0 remote fetches in 1 ms
20/11/10 20:45:40 INFO DAGScheduler: Submitting ShuffleMapStage 26 (MapPartitionsRDD[19] at map at Partition.scala:43), which is now runnable
20/11/10 20:45:40 INFO MemoryStore: ensureFreeSpace(3512) called with curMem=161587, maxMem=555755765
20/11/10 20:45:40 INFO MemoryStore: Block broadcast_6 stored as values in memory (estimated size 3.4 KB, free 529.9 MB)
20/11/10 20:45:40 INFO Executor: Running task 0.0 in stage 21.0 (TID 8)
20/11/10 20:45:40 INFO ShuffleBlockFetcherIterator: Getting 2 non-empty blocks out of 2 blocks
20/11/10 20:45:40 INFO ShuffleBlockFetcherIterator: Started 0 remote fetches in 0 ms
20/11/10 20:45:40 INFO ShuffleBlockFetcherIterator: Getting 2 non-empty blocks out of 2 blocks
20/11/10 20:45:40 INFO ShuffleBlockFetcherIterator: Started 0 remote fetches in 0 ms
20/11/10 20:45:40 INFO MemoryStore: ensureFreeSpace(1817) called with curMem=165099, maxMem=555755765
20/11/10 20:45:40 INFO MemoryStore: Block broadcast_6_piece0 stored as bytes in memory (estimated size 1817.0 B, free 529.9 MB)
20/11/10 20:45:40 INFO BlockManagerInfo: Added broadcast_6_piece0 in memory on localhost:45525 (size: 1817.0 B, free: 530.0 MB)
20/11/10 20:45:40 INFO SparkContext: Created broadcast 6 from broadcast at DAGScheduler.scala:861
20/11/10 20:45:40 INFO DAGScheduler: Submitting 2 missing tasks from ShuffleMapStage 26 (MapPartitionsRDD[19] at map at Partition.scala:43)
20/11/10 20:45:40 INFO TaskSchedulerImpl: Adding task set 26.0 with 2 tasks
20/11/10 20:45:40 INFO Executor: Finished task 1.0 in stage 21.0 (TID 9). 1375 bytes result sent to driver
20/11/10 20:45:40 INFO TaskSetManager: Starting task 0.0 in stage 26.0 (TID 10, localhost, PROCESS_LOCAL, 2174 bytes)
20/11/10 20:45:40 INFO TaskSetManager: Finished task 1.0 in stage 21.0 (TID 9) in 25 ms on localhost (1/2)
20/11/10 20:45:40 INFO Executor: Running task 0.0 in stage 26.0 (TID 10)
20/11/10 20:45:40 INFO ShuffleBlockFetcherIterator: Getting 2 non-empty blocks out of 2 blocks
20/11/10 20:45:40 INFO ShuffleBlockFetcherIterator: Started 0 remote fetches in 0 ms
20/11/10 20:45:40 INFO ShuffleBlockFetcherIterator: Getting 2 non-empty blocks out of 2 blocks
20/11/10 20:45:40 INFO ShuffleBlockFetcherIterator: Started 0 remote fetches in 0 ms
20/11/10 20:45:40 INFO Executor: Finished task 0.0 in stage 21.0 (TID 8). 1375 bytes result sent to driver
20/11/10 20:45:40 INFO TaskSetManager: Starting task 1.0 in stage 26.0 (TID 11, localhost, PROCESS_LOCAL, 2174 bytes)
20/11/10 20:45:40 INFO TaskSetManager: Finished task 0.0 in stage 21.0 (TID 8) in 35 ms on localhost (2/2)
20/11/10 20:45:40 INFO TaskSchedulerImpl: Removed TaskSet 21.0, whose tasks have all completed, from pool 
20/11/10 20:45:40 INFO DAGScheduler: ShuffleMapStage 21 (flatMap at Partition.scala:41) finished in 0.024 s
20/11/10 20:45:40 INFO DAGScheduler: looking for newly runnable stages
20/11/10 20:45:40 INFO DAGScheduler: running: Set(ShuffleMapStage 26)
20/11/10 20:45:40 INFO DAGScheduler: waiting: Set(ShuffleMapStage 30, ShuffleMapStage 27, ShuffleMapStage 19, ResultStage 31, ShuffleMapStage 20, ShuffleMapStage 18, ShuffleMapStage 28, ShuffleMapStage 29)
20/11/10 20:45:40 INFO DAGScheduler: failed: Set()
20/11/10 20:45:40 INFO DAGScheduler: Missing parents for ShuffleMapStage 30: List(ShuffleMapStage 18, ShuffleMapStage 29)
20/11/10 20:45:40 INFO DAGScheduler: Missing parents for ShuffleMapStage 27: List(ShuffleMapStage 26)
20/11/10 20:45:40 INFO DAGScheduler: Missing parents for ShuffleMapStage 19: List(ShuffleMapStage 27, ShuffleMapStage 20)
20/11/10 20:45:40 INFO DAGScheduler: Missing parents for ResultStage 31: List(ShuffleMapStage 30)
20/11/10 20:45:40 INFO DAGScheduler: Missing parents for ShuffleMapStage 20: List(ShuffleMapStage 26)
20/11/10 20:45:40 INFO DAGScheduler: Missing parents for ShuffleMapStage 18: List(ShuffleMapStage 19, ShuffleMapStage 28)
20/11/10 20:45:40 INFO DAGScheduler: Missing parents for ShuffleMapStage 28: List(ShuffleMapStage 27, ShuffleMapStage 20)
20/11/10 20:45:40 INFO DAGScheduler: Missing parents for ShuffleMapStage 29: List(ShuffleMapStage 19, ShuffleMapStage 28)
20/11/10 20:45:40 INFO Executor: Finished task 0.0 in stage 26.0 (TID 10). 1375 bytes result sent to driver
20/11/10 20:45:40 INFO TaskSetManager: Finished task 0.0 in stage 26.0 (TID 10) in 16 ms on localhost (1/2)
20/11/10 20:45:40 INFO Executor: Running task 1.0 in stage 26.0 (TID 11)
20/11/10 20:45:40 INFO ShuffleBlockFetcherIterator: Getting 2 non-empty blocks out of 2 blocks
20/11/10 20:45:40 INFO ShuffleBlockFetcherIterator: Started 0 remote fetches in 0 ms
20/11/10 20:45:40 INFO ShuffleBlockFetcherIterator: Getting 2 non-empty blocks out of 2 blocks
20/11/10 20:45:40 INFO ShuffleBlockFetcherIterator: Started 0 remote fetches in 0 ms
20/11/10 20:45:40 INFO Executor: Finished task 1.0 in stage 26.0 (TID 11). 1375 bytes result sent to driver
20/11/10 20:45:40 INFO TaskSetManager: Finished task 1.0 in stage 26.0 (TID 11) in 17 ms on localhost (2/2)
20/11/10 20:45:40 INFO TaskSchedulerImpl: Removed TaskSet 26.0, whose tasks have all completed, from pool 
20/11/10 20:45:40 INFO DAGScheduler: ShuffleMapStage 26 (map at Partition.scala:43) finished in 0.029 s
20/11/10 20:45:40 INFO DAGScheduler: looking for newly runnable stages
20/11/10 20:45:40 INFO DAGScheduler: running: Set()
20/11/10 20:45:40 INFO DAGScheduler: waiting: Set(ShuffleMapStage 30, ShuffleMapStage 27, ShuffleMapStage 19, ResultStage 31, ShuffleMapStage 20, ShuffleMapStage 18, ShuffleMapStage 28, ShuffleMapStage 29)
20/11/10 20:45:40 INFO DAGScheduler: failed: Set()
20/11/10 20:45:40 INFO DAGScheduler: Missing parents for ShuffleMapStage 30: List(ShuffleMapStage 18, ShuffleMapStage 29)
20/11/10 20:45:40 INFO DAGScheduler: Missing parents for ShuffleMapStage 27: List()
20/11/10 20:45:40 INFO DAGScheduler: Missing parents for ShuffleMapStage 19: List(ShuffleMapStage 27, ShuffleMapStage 20)
20/11/10 20:45:40 INFO DAGScheduler: Missing parents for ResultStage 31: List(ShuffleMapStage 30)
20/11/10 20:45:40 INFO DAGScheduler: Missing parents for ShuffleMapStage 20: List()
20/11/10 20:45:40 INFO DAGScheduler: Missing parents for ShuffleMapStage 18: List(ShuffleMapStage 19, ShuffleMapStage 28)
20/11/10 20:45:40 INFO DAGScheduler: Missing parents for ShuffleMapStage 28: List(ShuffleMapStage 27, ShuffleMapStage 20)
20/11/10 20:45:40 INFO DAGScheduler: Missing parents for ShuffleMapStage 29: List(ShuffleMapStage 19, ShuffleMapStage 28)
20/11/10 20:45:40 INFO DAGScheduler: Submitting ShuffleMapStage 20 (MapPartitionsRDD[24] at flatMap at Partition.scala:41), which is now runnable
20/11/10 20:45:40 INFO MemoryStore: ensureFreeSpace(3624) called with curMem=166916, maxMem=555755765
20/11/10 20:45:40 INFO MemoryStore: Block broadcast_7 stored as values in memory (estimated size 3.5 KB, free 529.8 MB)
20/11/10 20:45:40 INFO MemoryStore: ensureFreeSpace(1850) called with curMem=170540, maxMem=555755765
20/11/10 20:45:40 INFO MemoryStore: Block broadcast_7_piece0 stored as bytes in memory (estimated size 1850.0 B, free 529.8 MB)
20/11/10 20:45:40 INFO BlockManagerInfo: Added broadcast_7_piece0 in memory on localhost:45525 (size: 1850.0 B, free: 530.0 MB)
20/11/10 20:45:40 INFO SparkContext: Created broadcast 7 from broadcast at DAGScheduler.scala:861
20/11/10 20:45:40 INFO DAGScheduler: Submitting 2 missing tasks from ShuffleMapStage 20 (MapPartitionsRDD[24] at flatMap at Partition.scala:41)
20/11/10 20:45:40 INFO TaskSchedulerImpl: Adding task set 20.0 with 2 tasks
20/11/10 20:45:40 INFO TaskSetManager: Starting task 0.0 in stage 20.0 (TID 12, localhost, PROCESS_LOCAL, 2174 bytes)
20/11/10 20:45:40 INFO TaskSetManager: Starting task 1.0 in stage 20.0 (TID 13, localhost, PROCESS_LOCAL, 2174 bytes)
20/11/10 20:45:40 INFO Executor: Running task 1.0 in stage 20.0 (TID 13)
20/11/10 20:45:40 INFO ShuffleBlockFetcherIterator: Getting 2 non-empty blocks out of 2 blocks
20/11/10 20:45:40 INFO ShuffleBlockFetcherIterator: Started 0 remote fetches in 1 ms
20/11/10 20:45:40 INFO ShuffleBlockFetcherIterator: Getting 2 non-empty blocks out of 2 blocks
20/11/10 20:45:40 INFO ShuffleBlockFetcherIterator: Started 0 remote fetches in 0 ms
20/11/10 20:45:40 INFO Executor: Running task 0.0 in stage 20.0 (TID 12)
20/11/10 20:45:40 INFO ShuffleBlockFetcherIterator: Getting 2 non-empty blocks out of 2 blocks
20/11/10 20:45:40 INFO ShuffleBlockFetcherIterator: Started 0 remote fetches in 1 ms
20/11/10 20:45:40 INFO ShuffleBlockFetcherIterator: Getting 2 non-empty blocks out of 2 blocks
20/11/10 20:45:40 INFO ShuffleBlockFetcherIterator: Started 0 remote fetches in 0 ms
20/11/10 20:45:40 INFO Executor: Finished task 1.0 in stage 20.0 (TID 13). 1375 bytes result sent to driver
20/11/10 20:45:40 INFO DAGScheduler: Submitting ShuffleMapStage 27 (MapPartitionsRDD[26] at map at Partition.scala:43), which is now runnable
20/11/10 20:45:40 INFO MemoryStore: ensureFreeSpace(3512) called with curMem=172390, maxMem=555755765
20/11/10 20:45:40 INFO MemoryStore: Block broadcast_8 stored as values in memory (estimated size 3.4 KB, free 529.8 MB)
20/11/10 20:45:40 INFO MemoryStore: ensureFreeSpace(1817) called with curMem=175902, maxMem=555755765
20/11/10 20:45:40 INFO MemoryStore: Block broadcast_8_piece0 stored as bytes in memory (estimated size 1817.0 B, free 529.8 MB)
20/11/10 20:45:40 INFO BlockManagerInfo: Added broadcast_8_piece0 in memory on localhost:45525 (size: 1817.0 B, free: 530.0 MB)
20/11/10 20:45:40 INFO TaskSetManager: Finished task 1.0 in stage 20.0 (TID 13) in 22 ms on localhost (1/2)
20/11/10 20:45:40 INFO SparkContext: Created broadcast 8 from broadcast at DAGScheduler.scala:861
20/11/10 20:45:40 INFO DAGScheduler: Submitting 2 missing tasks from ShuffleMapStage 27 (MapPartitionsRDD[26] at map at Partition.scala:43)
20/11/10 20:45:40 INFO TaskSchedulerImpl: Adding task set 27.0 with 2 tasks
20/11/10 20:45:40 INFO TaskSetManager: Starting task 0.0 in stage 27.0 (TID 14, localhost, PROCESS_LOCAL, 2174 bytes)
20/11/10 20:45:40 INFO Executor: Running task 0.0 in stage 27.0 (TID 14)
20/11/10 20:45:40 INFO ShuffleBlockFetcherIterator: Getting 2 non-empty blocks out of 2 blocks
20/11/10 20:45:40 INFO ShuffleBlockFetcherIterator: Started 0 remote fetches in 0 ms
20/11/10 20:45:40 INFO Executor: Finished task 0.0 in stage 20.0 (TID 12). 1375 bytes result sent to driver
20/11/10 20:45:40 INFO ShuffleBlockFetcherIterator: Getting 2 non-empty blocks out of 2 blocks
20/11/10 20:45:40 INFO ShuffleBlockFetcherIterator: Started 0 remote fetches in 0 ms
20/11/10 20:45:40 INFO TaskSetManager: Starting task 1.0 in stage 27.0 (TID 15, localhost, PROCESS_LOCAL, 2174 bytes)
20/11/10 20:45:40 INFO TaskSetManager: Finished task 0.0 in stage 20.0 (TID 12) in 34 ms on localhost (2/2)
20/11/10 20:45:40 INFO TaskSchedulerImpl: Removed TaskSet 20.0, whose tasks have all completed, from pool 
20/11/10 20:45:40 INFO Executor: Running task 1.0 in stage 27.0 (TID 15)
20/11/10 20:45:40 INFO ShuffleBlockFetcherIterator: Getting 2 non-empty blocks out of 2 blocks
20/11/10 20:45:40 INFO ShuffleBlockFetcherIterator: Started 0 remote fetches in 0 ms
20/11/10 20:45:40 INFO ShuffleBlockFetcherIterator: Getting 2 non-empty blocks out of 2 blocks
20/11/10 20:45:40 INFO ShuffleBlockFetcherIterator: Started 0 remote fetches in 0 ms
20/11/10 20:45:40 INFO DAGScheduler: ShuffleMapStage 20 (flatMap at Partition.scala:41) finished in 0.025 s
20/11/10 20:45:40 INFO DAGScheduler: looking for newly runnable stages
20/11/10 20:45:40 INFO DAGScheduler: running: Set(ShuffleMapStage 27)
20/11/10 20:45:40 INFO DAGScheduler: waiting: Set(ShuffleMapStage 30, ShuffleMapStage 19, ResultStage 31, ShuffleMapStage 18, ShuffleMapStage 28, ShuffleMapStage 29)
20/11/10 20:45:40 INFO DAGScheduler: failed: Set()
20/11/10 20:45:40 INFO DAGScheduler: Missing parents for ShuffleMapStage 30: List(ShuffleMapStage 18, ShuffleMapStage 29)
20/11/10 20:45:40 INFO DAGScheduler: Missing parents for ShuffleMapStage 19: List(ShuffleMapStage 27)
20/11/10 20:45:40 INFO DAGScheduler: Missing parents for ResultStage 31: List(ShuffleMapStage 30)
20/11/10 20:45:40 INFO DAGScheduler: Missing parents for ShuffleMapStage 18: List(ShuffleMapStage 19, ShuffleMapStage 28)
20/11/10 20:45:40 INFO DAGScheduler: Missing parents for ShuffleMapStage 28: List(ShuffleMapStage 27)
20/11/10 20:45:40 INFO DAGScheduler: Missing parents for ShuffleMapStage 29: List(ShuffleMapStage 19, ShuffleMapStage 28)
20/11/10 20:45:40 INFO Executor: Finished task 1.0 in stage 27.0 (TID 15). 1375 bytes result sent to driver
20/11/10 20:45:40 INFO Executor: Finished task 0.0 in stage 27.0 (TID 14). 1375 bytes result sent to driver
20/11/10 20:45:40 INFO TaskSetManager: Finished task 0.0 in stage 27.0 (TID 14) in 22 ms on localhost (1/2)
20/11/10 20:45:40 INFO TaskSetManager: Finished task 1.0 in stage 27.0 (TID 15) in 13 ms on localhost (2/2)
20/11/10 20:45:40 INFO TaskSchedulerImpl: Removed TaskSet 27.0, whose tasks have all completed, from pool 
20/11/10 20:45:40 INFO DAGScheduler: ShuffleMapStage 27 (map at Partition.scala:43) finished in 0.022 s
20/11/10 20:45:40 INFO DAGScheduler: looking for newly runnable stages
20/11/10 20:45:40 INFO DAGScheduler: running: Set()
20/11/10 20:45:40 INFO DAGScheduler: waiting: Set(ShuffleMapStage 30, ShuffleMapStage 19, ResultStage 31, ShuffleMapStage 18, ShuffleMapStage 28, ShuffleMapStage 29)
20/11/10 20:45:40 INFO DAGScheduler: failed: Set()
20/11/10 20:45:40 INFO DAGScheduler: Missing parents for ShuffleMapStage 30: List(ShuffleMapStage 18, ShuffleMapStage 29)
20/11/10 20:45:40 INFO DAGScheduler: Missing parents for ShuffleMapStage 19: List()
20/11/10 20:45:40 INFO DAGScheduler: Missing parents for ResultStage 31: List(ShuffleMapStage 30)
20/11/10 20:45:40 INFO DAGScheduler: Missing parents for ShuffleMapStage 18: List(ShuffleMapStage 19, ShuffleMapStage 28)
20/11/10 20:45:40 INFO DAGScheduler: Missing parents for ShuffleMapStage 28: List()
20/11/10 20:45:40 INFO DAGScheduler: Missing parents for ShuffleMapStage 29: List(ShuffleMapStage 19, ShuffleMapStage 28)
20/11/10 20:45:40 INFO DAGScheduler: Submitting ShuffleMapStage 19 (MapPartitionsRDD[31] at flatMap at Partition.scala:41), which is now runnable
20/11/10 20:45:40 INFO MemoryStore: ensureFreeSpace(3624) called with curMem=177719, maxMem=555755765
20/11/10 20:45:40 INFO MemoryStore: Block broadcast_9 stored as values in memory (estimated size 3.5 KB, free 529.8 MB)
20/11/10 20:45:40 INFO MemoryStore: ensureFreeSpace(1851) called with curMem=181343, maxMem=555755765
20/11/10 20:45:40 INFO MemoryStore: Block broadcast_9_piece0 stored as bytes in memory (estimated size 1851.0 B, free 529.8 MB)
20/11/10 20:45:40 INFO BlockManagerInfo: Added broadcast_9_piece0 in memory on localhost:45525 (size: 1851.0 B, free: 530.0 MB)
20/11/10 20:45:40 INFO SparkContext: Created broadcast 9 from broadcast at DAGScheduler.scala:861
20/11/10 20:45:40 INFO DAGScheduler: Submitting 2 missing tasks from ShuffleMapStage 19 (MapPartitionsRDD[31] at flatMap at Partition.scala:41)
20/11/10 20:45:40 INFO TaskSchedulerImpl: Adding task set 19.0 with 2 tasks
20/11/10 20:45:40 INFO TaskSetManager: Starting task 0.0 in stage 19.0 (TID 16, localhost, PROCESS_LOCAL, 2174 bytes)
20/11/10 20:45:40 INFO TaskSetManager: Starting task 1.0 in stage 19.0 (TID 17, localhost, PROCESS_LOCAL, 2174 bytes)
20/11/10 20:45:40 INFO Executor: Running task 1.0 in stage 19.0 (TID 17)
20/11/10 20:45:40 INFO ShuffleBlockFetcherIterator: Getting 2 non-empty blocks out of 2 blocks
20/11/10 20:45:40 INFO ShuffleBlockFetcherIterator: Started 0 remote fetches in 0 ms
20/11/10 20:45:40 INFO Executor: Running task 0.0 in stage 19.0 (TID 16)
20/11/10 20:45:40 INFO DAGScheduler: Submitting ShuffleMapStage 28 (MapPartitionsRDD[33] at map at Partition.scala:43), which is now runnable
20/11/10 20:45:40 INFO ShuffleBlockFetcherIterator: Getting 2 non-empty blocks out of 2 blocks
20/11/10 20:45:40 INFO ShuffleBlockFetcherIterator: Started 0 remote fetches in 0 ms
20/11/10 20:45:40 INFO ShuffleBlockFetcherIterator: Getting 2 non-empty blocks out of 2 blocks
20/11/10 20:45:40 INFO ShuffleBlockFetcherIterator: Started 0 remote fetches in 0 ms
20/11/10 20:45:40 INFO ShuffleBlockFetcherIterator: Getting 2 non-empty blocks out of 2 blocks
20/11/10 20:45:40 INFO ShuffleBlockFetcherIterator: Started 0 remote fetches in 0 ms
20/11/10 20:45:40 INFO MemoryStore: ensureFreeSpace(3512) called with curMem=183194, maxMem=555755765
20/11/10 20:45:40 INFO MemoryStore: Block broadcast_10 stored as values in memory (estimated size 3.4 KB, free 529.8 MB)
20/11/10 20:45:40 INFO MemoryStore: ensureFreeSpace(1818) called with curMem=186706, maxMem=555755765
20/11/10 20:45:40 INFO MemoryStore: Block broadcast_10_piece0 stored as bytes in memory (estimated size 1818.0 B, free 529.8 MB)
20/11/10 20:45:40 INFO BlockManagerInfo: Added broadcast_10_piece0 in memory on localhost:45525 (size: 1818.0 B, free: 530.0 MB)
20/11/10 20:45:40 INFO SparkContext: Created broadcast 10 from broadcast at DAGScheduler.scala:861
20/11/10 20:45:40 INFO DAGScheduler: Submitting 2 missing tasks from ShuffleMapStage 28 (MapPartitionsRDD[33] at map at Partition.scala:43)
20/11/10 20:45:40 INFO TaskSchedulerImpl: Adding task set 28.0 with 2 tasks
20/11/10 20:45:40 INFO Executor: Finished task 1.0 in stage 19.0 (TID 17). 1375 bytes result sent to driver
20/11/10 20:45:40 INFO TaskSetManager: Starting task 0.0 in stage 28.0 (TID 18, localhost, PROCESS_LOCAL, 2174 bytes)
20/11/10 20:45:40 INFO Executor: Running task 0.0 in stage 28.0 (TID 18)
20/11/10 20:45:40 INFO TaskSetManager: Finished task 1.0 in stage 19.0 (TID 17) in 18 ms on localhost (1/2)
20/11/10 20:45:40 INFO ShuffleBlockFetcherIterator: Getting 2 non-empty blocks out of 2 blocks
20/11/10 20:45:40 INFO ShuffleBlockFetcherIterator: Started 0 remote fetches in 0 ms
20/11/10 20:45:40 INFO ShuffleBlockFetcherIterator: Getting 2 non-empty blocks out of 2 blocks
20/11/10 20:45:40 INFO ShuffleBlockFetcherIterator: Started 0 remote fetches in 0 ms
20/11/10 20:45:40 INFO Executor: Finished task 0.0 in stage 28.0 (TID 18). 1375 bytes result sent to driver
20/11/10 20:45:40 INFO TaskSetManager: Starting task 1.0 in stage 28.0 (TID 19, localhost, PROCESS_LOCAL, 2174 bytes)
20/11/10 20:45:40 INFO Executor: Running task 1.0 in stage 28.0 (TID 19)
20/11/10 20:45:40 INFO TaskSetManager: Finished task 0.0 in stage 28.0 (TID 18) in 8 ms on localhost (1/2)
20/11/10 20:45:40 INFO ShuffleBlockFetcherIterator: Getting 2 non-empty blocks out of 2 blocks
20/11/10 20:45:40 INFO ShuffleBlockFetcherIterator: Started 0 remote fetches in 0 ms
20/11/10 20:45:40 INFO ShuffleBlockFetcherIterator: Getting 2 non-empty blocks out of 2 blocks
20/11/10 20:45:40 INFO ShuffleBlockFetcherIterator: Started 0 remote fetches in 0 ms
20/11/10 20:45:40 INFO Executor: Finished task 1.0 in stage 28.0 (TID 19). 1375 bytes result sent to driver
20/11/10 20:45:40 INFO TaskSetManager: Finished task 1.0 in stage 28.0 (TID 19) in 8 ms on localhost (2/2)
20/11/10 20:45:40 INFO TaskSchedulerImpl: Removed TaskSet 28.0, whose tasks have all completed, from pool 
20/11/10 20:45:40 INFO DAGScheduler: ShuffleMapStage 28 (map at Partition.scala:43) finished in 0.016 s
20/11/10 20:45:40 INFO DAGScheduler: looking for newly runnable stages
20/11/10 20:45:40 INFO DAGScheduler: running: Set(ShuffleMapStage 19)
20/11/10 20:45:40 INFO DAGScheduler: waiting: Set(ShuffleMapStage 30, ResultStage 31, ShuffleMapStage 18, ShuffleMapStage 29)
20/11/10 20:45:40 INFO DAGScheduler: failed: Set()
20/11/10 20:45:40 INFO DAGScheduler: Missing parents for ShuffleMapStage 30: List(ShuffleMapStage 18, ShuffleMapStage 29)
20/11/10 20:45:40 INFO DAGScheduler: Missing parents for ResultStage 31: List(ShuffleMapStage 30)
20/11/10 20:45:40 INFO DAGScheduler: Missing parents for ShuffleMapStage 18: List(ShuffleMapStage 19)
20/11/10 20:45:40 INFO DAGScheduler: Missing parents for ShuffleMapStage 29: List(ShuffleMapStage 19)
20/11/10 20:45:40 INFO Executor: Finished task 0.0 in stage 19.0 (TID 16). 1375 bytes result sent to driver
20/11/10 20:45:40 INFO TaskSetManager: Finished task 0.0 in stage 19.0 (TID 16) in 39 ms on localhost (2/2)
20/11/10 20:45:40 INFO TaskSchedulerImpl: Removed TaskSet 19.0, whose tasks have all completed, from pool 
20/11/10 20:45:40 INFO DAGScheduler: ShuffleMapStage 19 (flatMap at Partition.scala:41) finished in 0.037 s
20/11/10 20:45:40 INFO DAGScheduler: looking for newly runnable stages
20/11/10 20:45:40 INFO DAGScheduler: running: Set()
20/11/10 20:45:40 INFO DAGScheduler: waiting: Set(ShuffleMapStage 30, ResultStage 31, ShuffleMapStage 18, ShuffleMapStage 29)
20/11/10 20:45:40 INFO DAGScheduler: failed: Set()
20/11/10 20:45:40 INFO DAGScheduler: Missing parents for ShuffleMapStage 30: List(ShuffleMapStage 18, ShuffleMapStage 29)
20/11/10 20:45:40 INFO DAGScheduler: Missing parents for ResultStage 31: List(ShuffleMapStage 30)
20/11/10 20:45:40 INFO DAGScheduler: Missing parents for ShuffleMapStage 18: List()
20/11/10 20:45:40 INFO DAGScheduler: Missing parents for ShuffleMapStage 29: List()
20/11/10 20:45:40 INFO DAGScheduler: Submitting ShuffleMapStage 18 (MapPartitionsRDD[38] at flatMap at Partition.scala:41), which is now runnable
20/11/10 20:45:40 INFO MemoryStore: ensureFreeSpace(3624) called with curMem=188524, maxMem=555755765
20/11/10 20:45:40 INFO MemoryStore: Block broadcast_11 stored as values in memory (estimated size 3.5 KB, free 529.8 MB)
20/11/10 20:45:40 INFO MemoryStore: ensureFreeSpace(1850) called with curMem=192148, maxMem=555755765
20/11/10 20:45:40 INFO MemoryStore: Block broadcast_11_piece0 stored as bytes in memory (estimated size 1850.0 B, free 529.8 MB)
20/11/10 20:45:40 INFO BlockManagerInfo: Added broadcast_11_piece0 in memory on localhost:45525 (size: 1850.0 B, free: 530.0 MB)
20/11/10 20:45:40 INFO SparkContext: Created broadcast 11 from broadcast at DAGScheduler.scala:861
20/11/10 20:45:40 INFO DAGScheduler: Submitting 2 missing tasks from ShuffleMapStage 18 (MapPartitionsRDD[38] at flatMap at Partition.scala:41)
20/11/10 20:45:40 INFO TaskSchedulerImpl: Adding task set 18.0 with 2 tasks
20/11/10 20:45:40 INFO DAGScheduler: Submitting ShuffleMapStage 29 (MapPartitionsRDD[40] at map at Partition.scala:43), which is now runnable
20/11/10 20:45:40 INFO TaskSetManager: Starting task 0.0 in stage 18.0 (TID 20, localhost, PROCESS_LOCAL, 2174 bytes)
20/11/10 20:45:40 INFO TaskSetManager: Starting task 1.0 in stage 18.0 (TID 21, localhost, PROCESS_LOCAL, 2174 bytes)
20/11/10 20:45:40 INFO MemoryStore: ensureFreeSpace(3512) called with curMem=193998, maxMem=555755765
20/11/10 20:45:40 INFO Executor: Running task 0.0 in stage 18.0 (TID 20)
20/11/10 20:45:40 INFO MemoryStore: Block broadcast_12 stored as values in memory (estimated size 3.4 KB, free 529.8 MB)
20/11/10 20:45:40 INFO ShuffleBlockFetcherIterator: Getting 2 non-empty blocks out of 2 blocks
20/11/10 20:45:40 INFO ShuffleBlockFetcherIterator: Started 0 remote fetches in 0 ms
20/11/10 20:45:40 INFO ShuffleBlockFetcherIterator: Getting 2 non-empty blocks out of 2 blocks
20/11/10 20:45:40 INFO ShuffleBlockFetcherIterator: Started 0 remote fetches in 0 ms
20/11/10 20:45:40 INFO MemoryStore: ensureFreeSpace(1817) called with curMem=197510, maxMem=555755765
20/11/10 20:45:40 INFO MemoryStore: Block broadcast_12_piece0 stored as bytes in memory (estimated size 1817.0 B, free 529.8 MB)
20/11/10 20:45:40 INFO Executor: Running task 1.0 in stage 18.0 (TID 21)
20/11/10 20:45:40 INFO BlockManagerInfo: Added broadcast_12_piece0 in memory on localhost:45525 (size: 1817.0 B, free: 530.0 MB)
20/11/10 20:45:40 INFO ShuffleBlockFetcherIterator: Getting 2 non-empty blocks out of 2 blocks
20/11/10 20:45:40 INFO ShuffleBlockFetcherIterator: Started 0 remote fetches in 1 ms
20/11/10 20:45:40 INFO ShuffleBlockFetcherIterator: Getting 2 non-empty blocks out of 2 blocks
20/11/10 20:45:40 INFO ShuffleBlockFetcherIterator: Started 0 remote fetches in 0 ms
20/11/10 20:45:40 INFO SparkContext: Created broadcast 12 from broadcast at DAGScheduler.scala:861
20/11/10 20:45:40 INFO DAGScheduler: Submitting 2 missing tasks from ShuffleMapStage 29 (MapPartitionsRDD[40] at map at Partition.scala:43)
20/11/10 20:45:40 INFO TaskSchedulerImpl: Adding task set 29.0 with 2 tasks
20/11/10 20:45:40 INFO Executor: Finished task 0.0 in stage 18.0 (TID 20). 1375 bytes result sent to driver
20/11/10 20:45:40 INFO Executor: Finished task 1.0 in stage 18.0 (TID 21). 1375 bytes result sent to driver
20/11/10 20:45:40 INFO TaskSetManager: Starting task 0.0 in stage 29.0 (TID 22, localhost, PROCESS_LOCAL, 2174 bytes)
20/11/10 20:45:40 INFO TaskSetManager: Starting task 1.0 in stage 29.0 (TID 23, localhost, PROCESS_LOCAL, 2174 bytes)
20/11/10 20:45:40 INFO TaskSetManager: Finished task 0.0 in stage 18.0 (TID 20) in 16 ms on localhost (1/2)
20/11/10 20:45:40 INFO TaskSetManager: Finished task 1.0 in stage 18.0 (TID 21) in 15 ms on localhost (2/2)
20/11/10 20:45:40 INFO TaskSchedulerImpl: Removed TaskSet 18.0, whose tasks have all completed, from pool 
20/11/10 20:45:40 INFO Executor: Running task 1.0 in stage 29.0 (TID 23)
20/11/10 20:45:40 INFO ShuffleBlockFetcherIterator: Getting 2 non-empty blocks out of 2 blocks
20/11/10 20:45:40 INFO ShuffleBlockFetcherIterator: Started 0 remote fetches in 1 ms
20/11/10 20:45:40 INFO ShuffleBlockFetcherIterator: Getting 2 non-empty blocks out of 2 blocks
20/11/10 20:45:40 INFO ShuffleBlockFetcherIterator: Started 0 remote fetches in 0 ms
20/11/10 20:45:40 INFO DAGScheduler: ShuffleMapStage 18 (flatMap at Partition.scala:41) finished in 0.021 s
20/11/10 20:45:40 INFO DAGScheduler: looking for newly runnable stages
20/11/10 20:45:40 INFO DAGScheduler: running: Set(ShuffleMapStage 29)
20/11/10 20:45:40 INFO DAGScheduler: waiting: Set(ShuffleMapStage 30, ResultStage 31)
20/11/10 20:45:40 INFO DAGScheduler: failed: Set()
20/11/10 20:45:40 INFO DAGScheduler: Missing parents for ShuffleMapStage 30: List(ShuffleMapStage 29)
20/11/10 20:45:40 INFO DAGScheduler: Missing parents for ResultStage 31: List(ShuffleMapStage 30)
20/11/10 20:45:40 INFO Executor: Finished task 1.0 in stage 29.0 (TID 23). 1375 bytes result sent to driver
20/11/10 20:45:40 INFO TaskSetManager: Finished task 1.0 in stage 29.0 (TID 23) in 8 ms on localhost (1/2)
20/11/10 20:45:40 INFO Executor: Running task 0.0 in stage 29.0 (TID 22)
20/11/10 20:45:40 INFO ShuffleBlockFetcherIterator: Getting 2 non-empty blocks out of 2 blocks
20/11/10 20:45:40 INFO ShuffleBlockFetcherIterator: Started 0 remote fetches in 0 ms
20/11/10 20:45:40 INFO ShuffleBlockFetcherIterator: Getting 2 non-empty blocks out of 2 blocks
20/11/10 20:45:40 INFO ShuffleBlockFetcherIterator: Started 0 remote fetches in 0 ms
20/11/10 20:45:40 INFO Executor: Finished task 0.0 in stage 29.0 (TID 22). 1375 bytes result sent to driver
20/11/10 20:45:40 INFO TaskSetManager: Finished task 0.0 in stage 29.0 (TID 22) in 19 ms on localhost (2/2)
20/11/10 20:45:40 INFO TaskSchedulerImpl: Removed TaskSet 29.0, whose tasks have all completed, from pool 
20/11/10 20:45:40 INFO DAGScheduler: ShuffleMapStage 29 (map at Partition.scala:43) finished in 0.026 s
20/11/10 20:45:40 INFO DAGScheduler: looking for newly runnable stages
20/11/10 20:45:40 INFO DAGScheduler: running: Set()
20/11/10 20:45:40 INFO DAGScheduler: waiting: Set(ShuffleMapStage 30, ResultStage 31)
20/11/10 20:45:40 INFO DAGScheduler: failed: Set()
20/11/10 20:45:40 INFO DAGScheduler: Missing parents for ShuffleMapStage 30: List()
20/11/10 20:45:40 INFO DAGScheduler: Missing parents for ResultStage 31: List(ShuffleMapStage 30)
20/11/10 20:45:40 INFO DAGScheduler: Submitting ShuffleMapStage 30 (MapPartitionsRDD[45] at map at Partition.scala:56), which is now runnable
20/11/10 20:45:40 INFO MemoryStore: ensureFreeSpace(3552) called with curMem=199327, maxMem=555755765
20/11/10 20:45:40 INFO MemoryStore: Block broadcast_13 stored as values in memory (estimated size 3.5 KB, free 529.8 MB)
20/11/10 20:45:40 INFO MemoryStore: ensureFreeSpace(1846) called with curMem=202879, maxMem=555755765
20/11/10 20:45:40 INFO MemoryStore: Block broadcast_13_piece0 stored as bytes in memory (estimated size 1846.0 B, free 529.8 MB)
20/11/10 20:45:40 INFO BlockManagerInfo: Added broadcast_13_piece0 in memory on localhost:45525 (size: 1846.0 B, free: 530.0 MB)
20/11/10 20:45:40 INFO SparkContext: Created broadcast 13 from broadcast at DAGScheduler.scala:861
20/11/10 20:45:40 INFO DAGScheduler: Submitting 2 missing tasks from ShuffleMapStage 30 (MapPartitionsRDD[45] at map at Partition.scala:56)
20/11/10 20:45:40 INFO TaskSchedulerImpl: Adding task set 30.0 with 2 tasks
20/11/10 20:45:40 INFO TaskSetManager: Starting task 0.0 in stage 30.0 (TID 24, localhost, PROCESS_LOCAL, 2174 bytes)
20/11/10 20:45:40 INFO TaskSetManager: Starting task 1.0 in stage 30.0 (TID 25, localhost, PROCESS_LOCAL, 2174 bytes)
20/11/10 20:45:40 INFO Executor: Running task 0.0 in stage 30.0 (TID 24)
20/11/10 20:45:40 INFO Executor: Running task 1.0 in stage 30.0 (TID 25)
20/11/10 20:45:40 INFO ShuffleBlockFetcherIterator: Getting 2 non-empty blocks out of 2 blocks
20/11/10 20:45:40 INFO ShuffleBlockFetcherIterator: Started 0 remote fetches in 0 ms
20/11/10 20:45:40 INFO ShuffleBlockFetcherIterator: Getting 2 non-empty blocks out of 2 blocks
20/11/10 20:45:40 INFO ShuffleBlockFetcherIterator: Started 0 remote fetches in 0 ms
20/11/10 20:45:40 INFO ShuffleBlockFetcherIterator: Getting 2 non-empty blocks out of 2 blocks
20/11/10 20:45:40 INFO ShuffleBlockFetcherIterator: Started 0 remote fetches in 3 ms
20/11/10 20:45:40 INFO ShuffleBlockFetcherIterator: Getting 2 non-empty blocks out of 2 blocks
20/11/10 20:45:40 INFO ShuffleBlockFetcherIterator: Started 0 remote fetches in 0 ms
20/11/10 20:45:40 INFO Executor: Finished task 1.0 in stage 30.0 (TID 25). 1375 bytes result sent to driver
20/11/10 20:45:40 INFO TaskSetManager: Finished task 1.0 in stage 30.0 (TID 25) in 11 ms on localhost (1/2)
20/11/10 20:45:40 INFO Executor: Finished task 0.0 in stage 30.0 (TID 24). 1375 bytes result sent to driver
20/11/10 20:45:40 INFO TaskSetManager: Finished task 0.0 in stage 30.0 (TID 24) in 13 ms on localhost (2/2)
20/11/10 20:45:40 INFO TaskSchedulerImpl: Removed TaskSet 30.0, whose tasks have all completed, from pool 
20/11/10 20:45:40 INFO DAGScheduler: ShuffleMapStage 30 (map at Partition.scala:56) finished in 0.012 s
20/11/10 20:45:40 INFO DAGScheduler: looking for newly runnable stages
20/11/10 20:45:40 INFO DAGScheduler: running: Set()
20/11/10 20:45:40 INFO DAGScheduler: waiting: Set(ResultStage 31)
20/11/10 20:45:40 INFO DAGScheduler: failed: Set()
20/11/10 20:45:40 INFO DAGScheduler: Missing parents for ResultStage 31: List()
20/11/10 20:45:40 INFO DAGScheduler: Submitting ResultStage 31 (ShuffledRDD[46] at reduceByKey at Partition.scala:56), which is now runnable
20/11/10 20:45:40 INFO MemoryStore: ensureFreeSpace(2288) called with curMem=204725, maxMem=555755765
20/11/10 20:45:40 INFO MemoryStore: Block broadcast_14 stored as values in memory (estimated size 2.2 KB, free 529.8 MB)
20/11/10 20:45:40 INFO MemoryStore: ensureFreeSpace(1368) called with curMem=207013, maxMem=555755765
20/11/10 20:45:40 INFO MemoryStore: Block broadcast_14_piece0 stored as bytes in memory (estimated size 1368.0 B, free 529.8 MB)
20/11/10 20:45:40 INFO BlockManagerInfo: Added broadcast_14_piece0 in memory on localhost:45525 (size: 1368.0 B, free: 530.0 MB)
20/11/10 20:45:40 INFO SparkContext: Created broadcast 14 from broadcast at DAGScheduler.scala:861
20/11/10 20:45:40 INFO DAGScheduler: Submitting 2 missing tasks from ResultStage 31 (ShuffledRDD[46] at reduceByKey at Partition.scala:56)
20/11/10 20:45:40 INFO TaskSchedulerImpl: Adding task set 31.0 with 2 tasks
20/11/10 20:45:40 INFO TaskSetManager: Starting task 0.0 in stage 31.0 (TID 26, localhost, PROCESS_LOCAL, 1958 bytes)
20/11/10 20:45:40 INFO TaskSetManager: Starting task 1.0 in stage 31.0 (TID 27, localhost, PROCESS_LOCAL, 1958 bytes)
20/11/10 20:45:40 INFO Executor: Running task 1.0 in stage 31.0 (TID 27)
20/11/10 20:45:40 INFO ShuffleBlockFetcherIterator: Getting 2 non-empty blocks out of 2 blocks
20/11/10 20:45:40 INFO ShuffleBlockFetcherIterator: Started 0 remote fetches in 0 ms
20/11/10 20:45:40 INFO Executor: Finished task 1.0 in stage 31.0 (TID 27). 1472 bytes result sent to driver
20/11/10 20:45:40 INFO Executor: Running task 0.0 in stage 31.0 (TID 26)
20/11/10 20:45:40 INFO TaskSetManager: Finished task 1.0 in stage 31.0 (TID 27) in 3 ms on localhost (1/2)
20/11/10 20:45:40 INFO ShuffleBlockFetcherIterator: Getting 2 non-empty blocks out of 2 blocks
20/11/10 20:45:40 INFO ShuffleBlockFetcherIterator: Started 0 remote fetches in 0 ms
20/11/10 20:45:40 INFO Executor: Finished task 0.0 in stage 31.0 (TID 26). 1477 bytes result sent to driver
20/11/10 20:45:40 INFO TaskSetManager: Finished task 0.0 in stage 31.0 (TID 26) in 6 ms on localhost (2/2)
20/11/10 20:45:40 INFO TaskSchedulerImpl: Removed TaskSet 31.0, whose tasks have all completed, from pool 
20/11/10 20:45:40 INFO DAGScheduler: ResultStage 31 (collect at Partition.scala:56) finished in 0.007 s
20/11/10 20:45:40 INFO DAGScheduler: Job 0 finished: collect at Partition.scala:56, took 0.783815 s
(100,7)
(82,4)
(118,12)
(90,2)
(88,7)
(101,7)
(105,7)
(125,15)
(69,2)
(67,1)
20/11/10 20:45:40 INFO SparkContext: Invoking stop() from shutdown hook
20/11/10 20:45:40 INFO SparkUI: Stopped Spark web UI at http://198.202.112.112:4040
20/11/10 20:45:40 INFO DAGScheduler: Stopping DAGScheduler
20/11/10 20:45:40 INFO MapOutputTrackerMasterEndpoint: MapOutputTrackerMasterEndpoint stopped!
20/11/10 20:45:40 INFO MemoryStore: MemoryStore cleared
20/11/10 20:45:40 INFO BlockManager: BlockManager stopped
20/11/10 20:45:40 INFO BlockManagerMaster: BlockManagerMaster stopped
20/11/10 20:45:40 INFO OutputCommitCoordinator$OutputCommitCoordinatorEndpoint: OutputCommitCoordinator stopped!
20/11/10 20:45:40 INFO SparkContext: Successfully stopped SparkContext
20/11/10 20:45:40 INFO ShutdownHookManager: Shutdown hook called
20/11/10 20:45:40 INFO ShutdownHookManager: Deleting directory /tmp/spark-6b17b1a5-aeaa-415a-9d5c-dc8b73062d60
